INFO:  latexindent.pl version 3.24.7, 2025-08-15, a script to indent .tex files
       latexindent.pl lives here: C:/Users/U47A74UA/AppData/Local/Programs/MiKTeX/scripts/latexindent/
       Thu Oct 16 11:09:19 2025
       Reading input from STDIN
INFO:  Processing switches:
       -s|--silent: Silent mode active (you have used either -s or --silent)
       -wd|--overwriteIfDifferent: will overwrite ONLY if indented text is different
       -y|--yaml: YAML settings specified via command line
       -m|--modifylinebreaks: modify line breaks
       -c|--cruft: cruft directory
INFO:  Directory for backup files and log file build\indent.log:
       build
INFO:  Perl modules are being loaded from the following directories:
       C:/Users/U47A74UA/AppData/Local/Programs/Perl/lib/FindBin.pm
       C:/Users/U47A74UA/AppData/Local/Programs/Perl/vendor/lib/YAML/Tiny.pm
       C:/Users/U47A74UA/AppData/Local/Programs/Perl/lib/File/Copy.pm
       C:/Users/U47A74UA/AppData/Local/Programs/Perl/lib/File/Basename.pm
       C:/Users/U47A74UA/AppData/Local/Programs/Perl/lib/Getopt/Long.pm
       C:/Users/U47A74UA/AppData/Local/Programs/Perl/vendor/lib/File/HomeDir.pm
INFO:  LatexIndent perl modules are being loaded from, for example:
       C:/Users/U47A74UA/AppData/Local/Programs/MiKTeX/scripts/latexindent/LatexIndent/Document.pm
INFO:  YAML settings read: defaultSettings.yaml
       Reading defaultSettings.yaml from C:/Users/U47A74UA/AppData/Local/Programs/MiKTeX/scripts/latexindent/defaultSettings.yaml
INFO:  YAML reading settings
       Home directory is C:\Users\U47A74UA\AppData\Local\Programs\Perl\data
       latexindent.pl didn't find indentconfig.yaml or .indentconfig.yaml
       see all possible locations: https://latexindentpl.readthedocs.io/en/latest/sec-appendices.html#indentconfig-options)
INFO:  YAML settings read: -y switch
       YAML setting: defaultIndent:'  '
       single-quoted string found in -y switch: '  ', substitute to   
       Updating mainSettings with defaultIndent:   
INFO:  Phase 1: searching for objects
       No objects found.
INFO:  Phase 2: finding surrounding indentation
INFO:  Phase 3: indenting objects
INFO:  Phase 4: final indentation check
INFO:  -wd switch active
       Original body matches indented body, NOT overwriting, no backup files created
INFO:  Output routine:
       Not outputting to file; see -w and -o switches for more options.
       --------------
INFO:  Please direct all communication/issues to:
        https://github.com/cmhughes/latexindent.pl
