INFO:  latexindent.pl version 3.24.7, 2025-08-15, a script to indent .tex files
       latexindent.pl lives here: C:/Users/vic-l/AppData/Local/Programs/MiKTeX/scripts/latexindent/
       Sat Nov  1 13:27:14 2025
       Filename: c:/Users/vic-l/OneDrive/Victor's Stuff/Documents/EDO Study Guide/main
INFO:  Processing switches:
       -w|--overwrite: Overwrite mode active, will make a back up before overwriting
       -y|--yaml: YAML settings specified via command line
       -c|--cruft: cruft directory
INFO:  Directory for backup files and log file -s\indent.log:
       -s
INFO:  Perl modules are being loaded from the following directories:
       C:/Strawberry/perl/lib/FindBin.pm
       C:/Strawberry/perl/vendor/lib/YAML/Tiny.pm
       C:/Strawberry/perl/lib/File/Copy.pm
       C:/Strawberry/perl/lib/File/Basename.pm
       C:/Strawberry/perl/lib/Getopt/Long.pm
       C:/Strawberry/perl/vendor/lib/File/HomeDir.pm
INFO:  LatexIndent perl modules are being loaded from, for example:
       C:/Users/vic-l/AppData/Local/Programs/MiKTeX/scripts/latexindent/LatexIndent/Document.pm
INFO:  YAML settings read: defaultSettings.yaml
       Reading defaultSettings.yaml from C:/Users/vic-l/AppData/Local/Programs/MiKTeX/scripts/latexindent/defaultSettings.yaml
INFO:  YAML reading settings
       Home directory is C:\Users\vic-l
       latexindent.pl didn't find indentconfig.yaml or .indentconfig.yaml
       see all possible locations: https://latexindentpl.readthedocs.io/en/latest/sec-appendices.html#indentconfig-options)
INFO:  YAML settings read: -y switch
       YAML setting: defaultIndent:'  '
       single-quoted string found in -y switch: '  ', substitute to   
       Updating mainSettings with defaultIndent:   
INFO:  File extension work:
       latexindent called to act upon c:/Users/vic-l/OneDrive/Victor's Stuff/Documents/EDO Study Guide/main without a file extension;
       searching for files in the following order (see fileExtensionPreference):
       c:/Users/vic-l/OneDrive/Victor's Stuff/Documents/EDO Study Guide/main.tex
       c:/Users/vic-l/OneDrive/Victor's Stuff/Documents/EDO Study Guide/main.sty
       c:/Users/vic-l/OneDrive/Victor's Stuff/Documents/EDO Study Guide/main.cls
       c:/Users/vic-l/OneDrive/Victor's Stuff/Documents/EDO Study Guide/main.bib
       c:/Users/vic-l/OneDrive/Victor's Stuff/Documents/EDO Study Guide/main.tex found!
       Updated fileName to c:/Users/vic-l/OneDrive/Victor's Stuff/Documents/EDO Study Guide/main.tex
INFO:  Backup procedure (-w flag active):
       -s\main.bak0 already exists, incrementing by 1 (see maxNumberOfBackUps)
       -s\main.bak1 already exists, incrementing by 1 (see maxNumberOfBackUps)
       -s\main.bak2 already exists, incrementing by 1 (see maxNumberOfBackUps)
       -s\main.bak3 already exists, incrementing by 1 (see maxNumberOfBackUps)
       -s\main.bak4 already exists, incrementing by 1 (see maxNumberOfBackUps)
       -s\main.bak5 already exists, incrementing by 1 (see maxNumberOfBackUps)
       -s\main.bak6 already exists, incrementing by 1 (see maxNumberOfBackUps)
       -s\main.bak7 already exists, incrementing by 1 (see maxNumberOfBackUps)
       -s\main.bak8 already exists, incrementing by 1 (see maxNumberOfBackUps)
       -s\main.bak9 already exists, incrementing by 1 (see maxNumberOfBackUps)
       -s\main.bak10 already exists, incrementing by 1 (see maxNumberOfBackUps)
       -s\main.bak11 already exists, incrementing by 1 (see maxNumberOfBackUps)
       -s\main.bak12 already exists, incrementing by 1 (see maxNumberOfBackUps)
       -s\main.bak13 already exists, incrementing by 1 (see maxNumberOfBackUps)
       -s\main.bak14 already exists, incrementing by 1 (see maxNumberOfBackUps)
       -s\main.bak15 already exists, incrementing by 1 (see maxNumberOfBackUps)
       -s\main.bak16 already exists, incrementing by 1 (see maxNumberOfBackUps)
       -s\main.bak17 already exists, incrementing by 1 (see maxNumberOfBackUps)
       -s\main.bak18 already exists, incrementing by 1 (see maxNumberOfBackUps)
       -s\main.bak19 already exists, incrementing by 1 (see maxNumberOfBackUps)
       -s\main.bak20 already exists, incrementing by 1 (see maxNumberOfBackUps)
       -s\main.bak21 already exists, incrementing by 1 (see maxNumberOfBackUps)
       -s\main.bak22 already exists, incrementing by 1 (see maxNumberOfBackUps)
       -s\main.bak23 already exists, incrementing by 1 (see maxNumberOfBackUps)
       -s\main.bak24 already exists, incrementing by 1 (see maxNumberOfBackUps)
       -s\main.bak25 already exists, incrementing by 1 (see maxNumberOfBackUps)
       -s\main.bak26 already exists, incrementing by 1 (see maxNumberOfBackUps)
       -s\main.bak27 already exists, incrementing by 1 (see maxNumberOfBackUps)
       -s\main.bak28 already exists, incrementing by 1 (see maxNumberOfBackUps)
       -s\main.bak29 already exists, incrementing by 1 (see maxNumberOfBackUps)
       -s\main.bak30 already exists, incrementing by 1 (see maxNumberOfBackUps)
       -s\main.bak31 already exists, incrementing by 1 (see maxNumberOfBackUps)
       -s\main.bak32 already exists, incrementing by 1 (see maxNumberOfBackUps)
       -s\main.bak33 already exists, incrementing by 1 (see maxNumberOfBackUps)
       -s\main.bak34 already exists, incrementing by 1 (see maxNumberOfBackUps)
       -s\main.bak35 already exists, incrementing by 1 (see maxNumberOfBackUps)
       -s\main.bak36 already exists, incrementing by 1 (see maxNumberOfBackUps)
       -s\main.bak37 already exists, incrementing by 1 (see maxNumberOfBackUps)
       -s\main.bak38 already exists, incrementing by 1 (see maxNumberOfBackUps)
       -s\main.bak39 already exists, incrementing by 1 (see maxNumberOfBackUps)
       -s\main.bak40 already exists, incrementing by 1 (see maxNumberOfBackUps)
       -s\main.bak41 already exists, incrementing by 1 (see maxNumberOfBackUps)
       -s\main.bak42 already exists, incrementing by 1 (see maxNumberOfBackUps)
       -s\main.bak43 already exists, incrementing by 1 (see maxNumberOfBackUps)
       -s\main.bak44 already exists, incrementing by 1 (see maxNumberOfBackUps)
       -s\main.bak45 already exists, incrementing by 1 (see maxNumberOfBackUps)
       -s\main.bak46 already exists, incrementing by 1 (see maxNumberOfBackUps)
       -s\main.bak47 already exists, incrementing by 1 (see maxNumberOfBackUps)
       -s\main.bak48 already exists, incrementing by 1 (see maxNumberOfBackUps)
       -s\main.bak49 already exists, incrementing by 1 (see maxNumberOfBackUps)
       -s\main.bak50 already exists, incrementing by 1 (see maxNumberOfBackUps)
       -s\main.bak51 already exists, incrementing by 1 (see maxNumberOfBackUps)
       -s\main.bak52 already exists, incrementing by 1 (see maxNumberOfBackUps)
       -s\main.bak53 already exists, incrementing by 1 (see maxNumberOfBackUps)
       -s\main.bak54 already exists, incrementing by 1 (see maxNumberOfBackUps)
       -s\main.bak55 already exists, incrementing by 1 (see maxNumberOfBackUps)
       -s\main.bak56 already exists, incrementing by 1 (see maxNumberOfBackUps)
       -s\main.bak57 already exists, incrementing by 1 (see maxNumberOfBackUps)
       -s\main.bak58 already exists, incrementing by 1 (see maxNumberOfBackUps)
       -s\main.bak59 already exists, incrementing by 1 (see maxNumberOfBackUps)
       -s\main.bak60 already exists, incrementing by 1 (see maxNumberOfBackUps)
       -s\main.bak61 already exists, incrementing by 1 (see maxNumberOfBackUps)
       -s\main.bak62 already exists, incrementing by 1 (see maxNumberOfBackUps)
       -s\main.bak63 already exists, incrementing by 1 (see maxNumberOfBackUps)
       -s\main.bak64 already exists, incrementing by 1 (see maxNumberOfBackUps)
       -s\main.bak65 already exists, incrementing by 1 (see maxNumberOfBackUps)
       -s\main.bak66 already exists, incrementing by 1 (see maxNumberOfBackUps)
       -s\main.bak67 already exists, incrementing by 1 (see maxNumberOfBackUps)
       -s\main.bak68 already exists, incrementing by 1 (see maxNumberOfBackUps)
       -s\main.bak69 already exists, incrementing by 1 (see maxNumberOfBackUps)
       -s\main.bak70 already exists, incrementing by 1 (see maxNumberOfBackUps)
       -s\main.bak71 already exists, incrementing by 1 (see maxNumberOfBackUps)
       -s\main.bak72 already exists, incrementing by 1 (see maxNumberOfBackUps)
       Backing up c:/Users/vic-l/OneDrive/Victor's Stuff/Documents/EDO Study Guide/main.tex to -s\main.bak73...
       c:/Users/vic-l/OneDrive/Victor's Stuff/Documents/EDO Study Guide/main.tex will be overwritten after indentation
INFO:  Phase 1: searching for objects
INFO:  Phase 2: finding surrounding indentation
INFO:  Phase 3: indenting objects
INFO:  Phase 4: final indentation check
INFO:  Output routine:
       Overwriting file c:/Users/vic-l/OneDrive/Victor's Stuff/Documents/EDO Study Guide/main.tex
       --------------
INFO:  Please direct all communication/issues to:
        https://github.com/cmhughes/latexindent.pl
