INFO:  latexindent.pl version 3.24.7, 2025-08-15, a script to indent .tex files
       latexindent.pl lives here: C:/Users/U47A74UA/AppData/Local/Programs/MiKTeX/scripts/latexindent/
       Thu Oct 30 13:01:33 2025
       Filename: Content\14_EVM.tex
INFO:  Processing switches:
       -s|--silent: Silent mode active (you have used either -s or --silent)
       -w|--overwrite: Overwrite mode active, will make a back up before overwriting
       -y|--yaml: YAML settings specified via command line
       -m|--modifylinebreaks: modify line breaks
INFO:  Directory for backup files and log file indent.log:
       Content
INFO:  Perl modules are being loaded from the following directories:
       C:/Users/U47A74UA/AppData/Local/Programs/Perl/lib/FindBin.pm
       C:/Users/U47A74UA/AppData/Local/Programs/Perl/vendor/lib/YAML/Tiny.pm
       C:/Users/U47A74UA/AppData/Local/Programs/Perl/lib/File/Copy.pm
       C:/Users/U47A74UA/AppData/Local/Programs/Perl/lib/File/Basename.pm
       C:/Users/U47A74UA/AppData/Local/Programs/Perl/lib/Getopt/Long.pm
       C:/Users/U47A74UA/AppData/Local/Programs/Perl/vendor/lib/File/HomeDir.pm
INFO:  LatexIndent perl modules are being loaded from, for example:
       C:/Users/U47A74UA/AppData/Local/Programs/MiKTeX/scripts/latexindent/LatexIndent/Document.pm
INFO:  YAML settings read: defaultSettings.yaml
       Reading defaultSettings.yaml from C:/Users/U47A74UA/AppData/Local/Programs/MiKTeX/scripts/latexindent/defaultSettings.yaml
INFO:  YAML reading settings
       Home directory is C:\Users\U47A74UA\AppData\Local\Programs\Perl\data
       latexindent.pl didn't find indentconfig.yaml or .indentconfig.yaml
       see all possible locations: https://latexindentpl.readthedocs.io/en/latest/sec-appendices.html#indentconfig-options)
INFO:  -l switch used without filename, will search for the following files in turn:
       localSettings.yaml,latexindent.yaml,.localSettings.yaml,.latexindent.yaml
INFO:  YAML settings read: -l switch
       Multiple localSettings found, separated by commas:
       localSettings.yaml, latexindent.yaml, .localSettings.yaml, .latexindent.yaml
WARN:  yaml file not found: localSettings.yaml not found. Proceeding without it.
WARN:  yaml file not found: latexindent.yaml not found. Proceeding without it.
WARN:  yaml file not found: .localSettings.yaml not found. Proceeding without it.
       Adding Content/.latexindent.yaml to YAML read paths
INFO:  YAML settings, reading from the following files:
       Reading USER settings from Content/.latexindent.yaml
       ---
       backupExtension: .bak
       cycleThroughBackUps: '1'
       maxNumberOfBackUps: '1'
       onlyOneBackUp: '1'

INFO:  YAML settings read: -y switch
       YAML setting: preserveBlankLines:2
       YAML setting: backupExtension:''
       Updating mainSettings with preserveBlankLines: 2
       single-quoted string found in -y switch: '', substitute to 
       Updating mainSettings with backupExtension: 
INFO:  Backup procedure (-w flag active):
WARN:  onlyOneBackUp=1 and maxNumberOfBackUps=1
       setting onlyOneBackUp=0 which will allow you to reach 1 backups
       Content\14_EVM0 will be overwritten (maxNumberOfBackUps reached, see maxNumberOfBackUps)
       cycleThroughBackUps detected (see cycleThroughBackUps)
       Backing up Content\14_EVM.tex to Content\14_EVM0...
       Content\14_EVM.tex will be overwritten after indentation
INFO:  Phase 1: searching for objects
INFO:  Phase 2: finding surrounding indentation
INFO:  Phase 3: indenting objects
INFO:  Phase 4: final indentation check
INFO:  Output routine:
       Overwriting file Content\14_EVM.tex
       --------------
INFO:  Please direct all communication/issues to:
        https://github.com/cmhughes/latexindent.pl
