This is LuaHBTeX, Version 1.22.0 (MiKTeX 25.4) (format=lualatex 2025.10.14)  30 OCT 2025 13:34
 system commands enabled.
 file:line:error style messages enabled.
**Content/14_EVM.tex
(./Content/14_EVM.tex
LaTeX2e <2025-06-01> patch level 1
L3 programming layer <2025-09-02>
Lua module: luaotfload 2024-12-03 v3.29 Lua based OpenType font support
Lua module: lualibs 2023-07-13 v2.76 ConTeXt Lua standard libraries.
Lua module: lualibs-extended 2023-07-13 v2.76 ConTeXt Lua libraries -- extended 
collection.
luaotfload | conf : Root cache directory is "C:/Users/U47A74UA/AppData/Local/MiK
TeX/luatex-cache/generic/names".
luaotfload | init : Loading fontloader "fontloader-2023-12-28.lua" from kpse-res
olved path "C:/Users/U47A74UA/AppData/Local/Programs/MiKTeX/tex/luatex/luaotfloa
d/fontloader-2023-12-28.lua".
Lua-only attribute luaotfload@noligature = 1
luaotfload | init : Context OpenType loader version 3.134
Inserting `luaotfload.node_processor' in `pre_linebreak_filter'.
Inserting `luaotfload.node_processor' in `hpack_filter'.
Inserting `luaotfload.glyph_stream' in `glyph_stream_provider'.
Inserting `luaotfload.define_font' in `define_font'.
Lua-only attribute luaotfload_color_attribute = 2
luaotfload | conf : Root cache directory is "C:/Users/U47A74UA/AppData/Local/MiK
TeX/luatex-cache/generic/names".
Inserting `luaotfload.harf.strip_prefix' in `find_opentype_file'.
Inserting `luaotfload.harf.strip_prefix' in `find_truetype_file'.
Removing  `luaotfload.glyph_stream' from `glyph_stream_provider'.
Inserting `luaotfload.harf.glyphstream' in `glyph_stream_provider'.
Inserting `luaotfload.harf.finalize_vlist' in `post_linebreak_filter'.
Inserting `luaotfload.harf.finalize_hlist' in `hpack_filter'.
Inserting `luaotfload.cleanup_files' in `wrapup_run'.
Inserting `luaotfload.harf.finalize_unicode' in `finish_pdffile'.
Inserting `luaotfload.glyphinfo' in `glyph_info'.
Lua-only attribute luaotfload.letterspace_done = 3
Inserting `luaotfload.aux.set_sscale_dimens' in `luaotfload.patch_font'.
Inserting `luaotfload.aux.set_font_index' in `luaotfload.patch_font'.
Inserting `luaotfload.aux.patch_cambria_domh' in `luaotfload.patch_font'.
Inserting `luaotfload.aux.fixup_fontdata' in `luaotfload.patch_font_unsafe'.
Inserting `luaotfload.aux.set_capheight' in `luaotfload.patch_font'.
Inserting `luaotfload.aux.set_xheight' in `luaotfload.patch_font'.
Inserting `luaotfload.rewrite_fontname' in `luaotfload.patch_font'.
Inserting `tracingstacklevels' in `input_level_string'.
(C:/Users/U47A74UA/AppData/Local/Programs/MiKTeX/tex/latex/subfiles/subfiles.cl
s
Document Class: subfiles 2020/11/14 v2.2 Multi-file projects (class)
Preamble taken from file `../main.tex'
(C:/Users/U47A74UA/AppData/Local/Programs/MiKTeX/tex/latex/import/import.sty
Package: import 2020/04/01  v 6.2
)
("C:/Users/U47A74UA/OneDrive/Victor's Stuff/Documents/EDO Study Guide/build/../
main.tex"
(C:/Users/U47A74UA/AppData/Local/Programs/MiKTeX/tex/latex/koma-script/scrbook.
cls
Document Class: scrbook 2025/09/09 v3.48 KOMA-Script document class (book)

(C:/Users/U47A74UA/AppData/Local/Programs/MiKTeX/tex/latex/koma-script/scrkbase
.sty
Package: scrkbase 2025/09/09 v3.48 KOMA-Script package (KOMA-Script-dependent b
asics and keyval usage)

(C:/Users/U47A74UA/AppData/Local/Programs/MiKTeX/tex/latex/koma-script/scrbase.
sty
Package: scrbase 2025/09/09 v3.48 KOMA-Script package (KOMA-Script-independent 
basics and keyval usage)

(C:/Users/U47A74UA/AppData/Local/Programs/MiKTeX/tex/latex/koma-script/scrlfile
.sty
Package: scrlfile 2025/09/09 v3.48 KOMA-Script package (file load hooks)

(C:/Users/U47A74UA/AppData/Local/Programs/MiKTeX/tex/latex/koma-script/scrlfile
-hook.sty
Package: scrlfile-hook 2025/09/09 v3.48 KOMA-Script package (using LaTeX hooks)


(C:/Users/U47A74UA/AppData/Local/Programs/MiKTeX/tex/latex/koma-script/scrlogo.
sty
Package: scrlogo 2025/09/09 v3.48 KOMA-Script package (logo)
)))
(C:/Users/U47A74UA/AppData/Local/Programs/MiKTeX/tex/latex/graphics/keyval.sty
Package: keyval 2022/05/29 v1.15 key=value parser (DPC)
\KV@toks@=\toks17
)
Applying: [2021/05/01] Usage of raw or classic option list on input line 254.
Already applied: [0000/00/00] Usage of raw or classic option list on input line
 370.
))
(C:/Users/U47A74UA/AppData/Local/Programs/MiKTeX/tex/latex/koma-script/tocbasic
.sty
Package: tocbasic 2025/09/09 v3.48 KOMA-Script package (handling toc-files)
\scr@dte@tocline@numberwidth=\skip49
\scr@dte@tocline@numbox=\box53
)
Package tocbasic Info: omitting babel extension for `toc'
(tocbasic)             because of feature `nobabel' available
(tocbasic)             for `toc' on input line 143.
Package scrbook Info: You've used standard option `11pt'.
(scrbook)             This is correct!
(scrbook)             Internally I'm using `fontsize=11pt'.
(scrbook)             If you'd like to set the option with \KOMAoptions,
(scrbook)             you'd have to use `fontsize=11pt' there
(scrbook)             instead of `11pt', too.
Class scrbook Info: You've used standard option `oneside'.
(scrbook)           This is correct!
(scrbook)           Internally I'm using `twoside=false'.
(scrbook)           If you'd like to set the option with \KOMAoptions,
(scrbook)           you'd have to use `twoside=false' there
(scrbook)           instead of `oneside', too.
Class scrbook Info: File `scrsize11pt.clo' used to setup font sizes on input li
ne 2710.

(C:/Users/U47A74UA/AppData/Local/Programs/MiKTeX/tex/latex/koma-script/scrsize1
1pt.clo
File: scrsize11pt.clo 2025/09/09 v3.48 KOMA-Script font size class option (11pt
)
luaotfload | db : Font names database loaded from C:/Users/U47A74UA/AppData/Loca
l/MiKTeX/luatex-cache/generic/names/luaotfload-names.luc.gz)
(C:/Users/U47A74UA/AppData/Local/Programs/MiKTeX/tex/latex/koma-script/typearea
.sty
Package: typearea 2025/09/09 v3.48 KOMA-Script package (type area)
\ta@bcor=\skip50
\ta@div=\count273
Package typearea Info: You've used standard option `oneside'.
(typearea)             This is correct!
(typearea)             Internally I'm using `twoside=false'.
(typearea)             If you'd like to set the option with \KOMAoptions,
(typearea)             you'd have to use `twoside=false' there
(typearea)             instead of `oneside', too.
Package typearea Info: You've used standard option `letterpaper'.
(typearea)             This is correct!
(typearea)             Internally I'm using `paper=letter'.
(typearea)             If you'd like to set the option with \KOMAoptions,
(typearea)             you'd have to use `paper=letter' there
(typearea)             instead of `letterpaper', too.
\ta@hblk=\skip51
\ta@vblk=\skip52
\ta@temp=\skip53
\footheight=\skip54
Package typearea Info: With paper sizes other than (almost) `A4' predefined
(typearea)             DIV values do not exist. Using DIV calculation for good
(typearea)             line width (unless using `version=3.24` or prior).


Package typearea Info: DIV calculation for classic typearea. on input line 1807
.

Package typearea Info: These are the values describing the layout:
(typearea)             DIV  = 7
(typearea)             BCOR = 0.0pt
(typearea)             \paperwidth      = 614.295pt
(typearea)              \textwidth      = 351.02573pt
(typearea)              DIV departure   = 3%
(typearea)              \evensidemargin = 59.36464pt
(typearea)              \oddsidemargin  = 59.36464pt
(typearea)             \paperheight     = 794.96999pt
(typearea)              \textheight     = 459.8002pt
(typearea)              \topmargin      = 3.89714pt
(typearea)              \headheight     = 17.0pt
(typearea)              \headsep        = 20.40001pt
(typearea)              \topskip        = 11.0pt
(typearea)              \footskip       = 47.6pt
(typearea)              \baselineskip   = 13.6pt
(typearea)              on input line 1807.
)
\c@part=\count274
\c@chapter=\count275
\c@section=\count276
\c@subsection=\count277
\c@subsubsection=\count278
\c@paragraph=\count279
\c@subparagraph=\count280
\scr@dte@chapter@maxnumwidth=\skip55
Class scrbook Info: using compatibility default `afterindent=bysign'
(scrbook)           for `\chapter on input line 6076.
\scr@dte@section@maxnumwidth=\skip56
Class scrbook Info: using compatibility default `runin=bysign'
(scrbook)           for `\section on input line 6087.
Class scrbook Info: using compatibility default `afterindent=bysign'
(scrbook)           for `\section on input line 6087.
\scr@dte@part@maxnumwidth=\skip57
Class scrbook Info: using compatibility default `afterindent=true'
(scrbook)           for `\part on input line 6096.
\scr@dte@subsection@maxnumwidth=\skip58
Class scrbook Info: using compatibility default `runin=bysign'
(scrbook)           for `\subsection on input line 6106.
Class scrbook Info: using compatibility default `afterindent=bysign'
(scrbook)           for `\subsection on input line 6106.
\scr@dte@subsubsection@maxnumwidth=\skip59
Class scrbook Info: using compatibility default `runin=bysign'
(scrbook)           for `\subsubsection on input line 6116.
Class scrbook Info: using compatibility default `afterindent=bysign'
(scrbook)           for `\subsubsection on input line 6116.
\scr@dte@paragraph@maxnumwidth=\skip60
Class scrbook Info: using compatibility default `runin=bysign'
(scrbook)           for `\paragraph on input line 6127.
Class scrbook Info: using compatibility default `afterindent=bysign'
(scrbook)           for `\paragraph on input line 6127.
\scr@dte@subparagraph@maxnumwidth=\skip61
Class scrbook Info: using compatibility default `runin=bysign'
(scrbook)           for `\subparagraph on input line 6137.
Class scrbook Info: using compatibility default `afterindent=bysign'
(scrbook)           for `\subparagraph on input line 6137.
\abovecaptionskip=\skip62
\belowcaptionskip=\skip63
\c@pti@nb@sid@b@x=\box54
Package tocbasic Info: omitting babel extension for `lof'
(tocbasic)             because of feature `nobabel' available
(tocbasic)             for `lof' on input line 7350.
\scr@dte@figure@maxnumwidth=\skip64
\c@figure=\count281
Package tocbasic Info: omitting babel extension for `lot'
(tocbasic)             because of feature `nobabel' available
(tocbasic)             for `lot' on input line 7363.
\scr@dte@table@maxnumwidth=\skip65
\c@table=\count282
Class scrbook Info: Redefining `\numberline' on input line 7534.
\bibindent=\dimen147
)
(C:/Users/U47A74UA/AppData/Local/Programs/MiKTeX/tex/latex/tools/shellesc.sty
Package: shellesc 2023/07/08 v1.0d unified shell escape interface for LaTeX
Package shellesc Info: Unrestricted shell escape enabled on input line 75.
)
(./Preamble/fonts.tex (./moderntech.sty
Package: moderntech 2025/10/29 v1.1 Modern technical theme for KOMA and standar
d classes

(C:/Users/U47A74UA/AppData/Local/Programs/MiKTeX/tex/generic/iftex/iftex.sty
Package: iftex 2024/12/12 v1.0g TeX engine tests
)
(C:/Users/U47A74UA/AppData/Local/Programs/MiKTeX/tex/latex/etoolbox/etoolbox.st
y
Package: etoolbox 2025/10/02 v2.5m e-TeX tools for LaTeX (JAW)
\etb@tempcnta=\count283
)
(C:/Users/U47A74UA/AppData/Local/Programs/MiKTeX/tex/latex/kvoptions/kvoptions.
sty
Package: kvoptions 2022-06-15 v3.15 Key value format for package options (HO)

(C:/Users/U47A74UA/AppData/Local/Programs/MiKTeX/tex/generic/ltxcmds/ltxcmds.st
y
Package: ltxcmds 2023-12-04 v1.26 LaTeX kernel commands for general use (HO)
)
(C:/Users/U47A74UA/AppData/Local/Programs/MiKTeX/tex/latex/kvsetkeys/kvsetkeys.
sty
Package: kvsetkeys 2022-10-05 v1.19 Key value parser (HO)
))
(C:/Users/U47A74UA/AppData/Local/Programs/MiKTeX/tex/latex/l3kernel/expl3.sty
Package: expl3 2025-09-02 L3 programming layer (loader) 

(C:/Users/U47A74UA/AppData/Local/Programs/MiKTeX/tex/latex/l3backend/l3backend-
luatex.def
File: l3backend-luatex.def 2025-06-09 L3 backend support: PDF output (LuaTeX)
\l__color_backend_stack_int=\count284
Inserting `l3color' in `luaotfload.parse_color'.))
(C:/Users/U47A74UA/AppData/Local/Programs/MiKTeX/tex/latex/fontspec/fontspec.st
y
(C:/Users/U47A74UA/AppData/Local/Programs/MiKTeX/tex/latex/l3packages/xparse/xp
arse.sty
Package: xparse 2024-08-16 L3 Experimental document command parser
)
Package: fontspec 2025/09/29 v2.9g Font selection for XeLaTeX and LuaLaTeX
Lua module: fontspec 2025/09/29 v2.9g Font selection for XeLaTeX and LuaLaTeX
(C:/Users/U47A74UA/AppData/Local/Programs/MiKTeX/tex/latex/fontspec/fontspec-lu
atex.sty
Package: fontspec-luatex 2025/09/29 v2.9g Font selection for XeLaTeX and LuaLaT
eX
\l__fontspec_script_int=\count285
\l__fontspec_language_int=\count286
\l__fontspec_strnum_int=\count287
\l__fontspec_tmp_int=\count288
\l__fontspec_tmpa_int=\count289
\l__fontspec_tmpb_int=\count290
\l__fontspec_tmpc_int=\count291
\l__fontspec_em_int=\count292
\l__fontspec_emdef_int=\count293
\l__fontspec_strong_int=\count294
\l__fontspec_strongdef_int=\count295
\l__fontspec_tmpa_dim=\dimen148
\l__fontspec_tmpb_dim=\dimen149
\l__fontspec_tmpc_dim=\dimen150

(C:/Users/U47A74UA/AppData/Local/Programs/MiKTeX/tex/latex/base/fontenc.sty
Package: fontenc 2024/12/21 v2.1c Standard LaTeX package
)
(C:/Users/U47A74UA/AppData/Local/Programs/MiKTeX/tex/latex/fontspec/fontspec.cf
g)))
(C:/Users/U47A74UA/AppData/Local/Programs/MiKTeX/tex/latex/unicode-math/unicode
-math.sty
Package: unicode-math 2023/08/13 v0.8r Unicode maths in XeLaTeX and LuaLaTeX

(C:/Users/U47A74UA/AppData/Local/Programs/MiKTeX/tex/latex/unicode-math/unicode
-math-luatex.sty
Package: unicode-math-luatex 2023/08/13 v0.8r Unicode maths in XeLaTeX and LuaL
aTeX

(C:/Users/U47A74UA/AppData/Local/Programs/MiKTeX/tex/latex/l3packages/l3keys2e/
l3keys2e.sty
Package: l3keys2e 2024-08-16 LaTeX2e option processing using LaTeX3 keys
)
(C:/Users/U47A74UA/AppData/Local/Programs/MiKTeX/tex/latex/base/fix-cm.sty
Package: fix-cm 2020/11/24 v1.1t fixes to LaTeX

(C:/Users/U47A74UA/AppData/Local/Programs/MiKTeX/tex/latex/base/ts1enc.def
File: ts1enc.def 2001/06/05 v3.0e (jk/car/fm) Standard LaTeX file
LaTeX Font Info:    Redeclaring font encoding TS1 on input line 47.
LaTeX Encoding Info:    Redeclaring text command \capitalcedilla (encoding TS1)
 on input line 49.
LaTeX Encoding Info:    Redeclaring text command \capitalogonek (encoding TS1) 
on input line 52.
LaTeX Encoding Info:    Redeclaring text command \capitalgrave (encoding TS1) o
n input line 55.
LaTeX Encoding Info:    Redeclaring text command \capitalacute (encoding TS1) o
n input line 56.
LaTeX Encoding Info:    Redeclaring text command \capitalcircumflex (encoding T
S1) on input line 57.
LaTeX Encoding Info:    Redeclaring text command \capitaltilde (encoding TS1) o
n input line 58.
LaTeX Encoding Info:    Redeclaring text command \capitaldieresis (encoding TS1
) on input line 59.
LaTeX Encoding Info:    Redeclaring text command \capitalhungarumlaut (encoding
 TS1) on input line 60.
LaTeX Encoding Info:    Redeclaring text command \capitalring (encoding TS1) on
 input line 61.
LaTeX Encoding Info:    Redeclaring text command \capitalcaron (encoding TS1) o
n input line 62.
LaTeX Encoding Info:    Redeclaring text command \capitalbreve (encoding TS1) o
n input line 63.
LaTeX Encoding Info:    Redeclaring text command \capitalmacron (encoding TS1) 
on input line 64.
LaTeX Encoding Info:    Redeclaring text command \capitaldotaccent (encoding TS
1) on input line 65.
LaTeX Encoding Info:    Redeclaring text command \t (encoding TS1) on input lin
e 66.
LaTeX Encoding Info:    Redeclaring text command \capitaltie (encoding TS1) on 
input line 67.
LaTeX Encoding Info:    Redeclaring text command \newtie (encoding TS1) on inpu
t line 68.
LaTeX Encoding Info:    Redeclaring text command \capitalnewtie (encoding TS1) 
on input line 69.
LaTeX Encoding Info:    Redeclaring text symbol \textcapitalcompwordmark (encod
ing TS1) on input line 70.
LaTeX Encoding Info:    Redeclaring text symbol \textascendercompwordmark (enco
ding TS1) on input line 71.
LaTeX Encoding Info:    Redeclaring text symbol \textquotestraightbase (encodin
g TS1) on input line 72.
LaTeX Encoding Info:    Redeclaring text symbol \textquotestraightdblbase (enco
ding TS1) on input line 73.
LaTeX Encoding Info:    Redeclaring text symbol \texttwelveudash (encoding TS1)
 on input line 74.
LaTeX Encoding Info:    Redeclaring text symbol \textthreequartersemdash (encod
ing TS1) on input line 75.
LaTeX Encoding Info:    Redeclaring text symbol \textleftarrow (encoding TS1) o
n input line 76.
LaTeX Encoding Info:    Redeclaring text symbol \textrightarrow (encoding TS1) 
on input line 77.
LaTeX Encoding Info:    Redeclaring text symbol \textblank (encoding TS1) on in
put line 78.
LaTeX Encoding Info:    Redeclaring text symbol \textdollar (encoding TS1) on i
nput line 79.
LaTeX Encoding Info:    Redeclaring text symbol \textquotesingle (encoding TS1)
 on input line 80.
LaTeX Encoding Info:    Redeclaring text command \textasteriskcentered (encodin
g TS1) on input line 81.
LaTeX Encoding Info:    Redeclaring text symbol \textdblhyphen (encoding TS1) o
n input line 92.
LaTeX Encoding Info:    Redeclaring text symbol \textfractionsolidus (encoding 
TS1) on input line 93.
LaTeX Encoding Info:    Redeclaring text symbol \textzerooldstyle (encoding TS1
) on input line 94.
LaTeX Encoding Info:    Redeclaring text symbol \textoneoldstyle (encoding TS1)
 on input line 95.
LaTeX Encoding Info:    Redeclaring text symbol \texttwooldstyle (encoding TS1)
 on input line 96.
LaTeX Encoding Info:    Redeclaring text symbol \textthreeoldstyle (encoding TS
1) on input line 97.
LaTeX Encoding Info:    Redeclaring text symbol \textfouroldstyle (encoding TS1
) on input line 98.
LaTeX Encoding Info:    Redeclaring text symbol \textfiveoldstyle (encoding TS1
) on input line 99.
LaTeX Encoding Info:    Redeclaring text symbol \textsixoldstyle (encoding TS1)
 on input line 100.
LaTeX Encoding Info:    Redeclaring text symbol \textsevenoldstyle (encoding TS
1) on input line 101.
LaTeX Encoding Info:    Redeclaring text symbol \texteightoldstyle (encoding TS
1) on input line 102.
LaTeX Encoding Info:    Redeclaring text symbol \textnineoldstyle (encoding TS1
) on input line 103.
LaTeX Encoding Info:    Redeclaring text symbol \textlangle (encoding TS1) on i
nput line 104.
LaTeX Encoding Info:    Redeclaring text symbol \textminus (encoding TS1) on in
put line 105.
LaTeX Encoding Info:    Redeclaring text symbol \textrangle (encoding TS1) on i
nput line 106.
LaTeX Encoding Info:    Redeclaring text symbol \textmho (encoding TS1) on inpu
t line 107.
LaTeX Encoding Info:    Redeclaring text symbol \textbigcircle (encoding TS1) o
n input line 108.
LaTeX Encoding Info:    Redeclaring text command \textcircled (encoding TS1) on
 input line 109.
LaTeX Encoding Info:    Redeclaring text symbol \textohm (encoding TS1) on inpu
t line 115.
LaTeX Encoding Info:    Redeclaring text symbol \textlbrackdbl (encoding TS1) o
n input line 116.
LaTeX Encoding Info:    Redeclaring text symbol \textrbrackdbl (encoding TS1) o
n input line 117.
LaTeX Encoding Info:    Redeclaring text symbol \textuparrow (encoding TS1) on 
input line 118.
LaTeX Encoding Info:    Redeclaring text symbol \textdownarrow (encoding TS1) o
n input line 119.
LaTeX Encoding Info:    Redeclaring text symbol \textasciigrave (encoding TS1) 
on input line 120.
LaTeX Encoding Info:    Redeclaring text symbol \textborn (encoding TS1) on inp
ut line 121.
LaTeX Encoding Info:    Redeclaring text symbol \textdivorced (encoding TS1) on
 input line 122.
LaTeX Encoding Info:    Redeclaring text symbol \textdied (encoding TS1) on inp
ut line 123.
LaTeX Encoding Info:    Redeclaring text symbol \textleaf (encoding TS1) on inp
ut line 124.
LaTeX Encoding Info:    Redeclaring text symbol \textmarried (encoding TS1) on 
input line 125.
LaTeX Encoding Info:    Redeclaring text symbol \textmusicalnote (encoding TS1)
 on input line 126.
LaTeX Encoding Info:    Redeclaring text symbol \texttildelow (encoding TS1) on
 input line 127.
LaTeX Encoding Info:    Redeclaring text symbol \textdblhyphenchar (encoding TS
1) on input line 128.
LaTeX Encoding Info:    Redeclaring text symbol \textasciibreve (encoding TS1) 
on input line 129.
LaTeX Encoding Info:    Redeclaring text symbol \textasciicaron (encoding TS1) 
on input line 130.
LaTeX Encoding Info:    Redeclaring text symbol \textacutedbl (encoding TS1) on
 input line 131.
LaTeX Encoding Info:    Redeclaring text symbol \textgravedbl (encoding TS1) on
 input line 132.
LaTeX Encoding Info:    Redeclaring text symbol \textdagger (encoding TS1) on i
nput line 133.
LaTeX Encoding Info:    Redeclaring text symbol \textdaggerdbl (encoding TS1) o
n input line 134.
LaTeX Encoding Info:    Redeclaring text symbol \textbardbl (encoding TS1) on i
nput line 135.
LaTeX Encoding Info:    Redeclaring text symbol \textperthousand (encoding TS1)
 on input line 136.
LaTeX Encoding Info:    Redeclaring text symbol \textbullet (encoding TS1) on i
nput line 137.
LaTeX Encoding Info:    Redeclaring text symbol \textcelsius (encoding TS1) on 
input line 138.
LaTeX Encoding Info:    Redeclaring text symbol \textdollaroldstyle (encoding T
S1) on input line 139.
LaTeX Encoding Info:    Redeclaring text symbol \textcentoldstyle (encoding TS1
) on input line 140.
LaTeX Encoding Info:    Redeclaring text symbol \textflorin (encoding TS1) on i
nput line 141.
LaTeX Encoding Info:    Redeclaring text symbol \textcolonmonetary (encoding TS
1) on input line 142.
LaTeX Encoding Info:    Redeclaring text symbol \textwon (encoding TS1) on inpu
t line 143.
LaTeX Encoding Info:    Redeclaring text symbol \textnaira (encoding TS1) on in
put line 144.
LaTeX Encoding Info:    Redeclaring text symbol \textguarani (encoding TS1) on 
input line 145.
LaTeX Encoding Info:    Redeclaring text symbol \textpeso (encoding TS1) on inp
ut line 146.
LaTeX Encoding Info:    Redeclaring text symbol \textlira (encoding TS1) on inp
ut line 147.
LaTeX Encoding Info:    Redeclaring text symbol \textrecipe (encoding TS1) on i
nput line 148.
LaTeX Encoding Info:    Redeclaring text symbol \textinterrobang (encoding TS1)
 on input line 149.
LaTeX Encoding Info:    Redeclaring text symbol \textinterrobangdown (encoding 
TS1) on input line 150.
LaTeX Encoding Info:    Redeclaring text symbol \textdong (encoding TS1) on inp
ut line 151.
LaTeX Encoding Info:    Redeclaring text symbol \texttrademark (encoding TS1) o
n input line 152.
LaTeX Encoding Info:    Redeclaring text symbol \textpertenthousand (encoding T
S1) on input line 153.
LaTeX Encoding Info:    Redeclaring text symbol \textpilcrow (encoding TS1) on 
input line 154.
LaTeX Encoding Info:    Redeclaring text symbol \textbaht (encoding TS1) on inp
ut line 155.
LaTeX Encoding Info:    Redeclaring text symbol \textnumero (encoding TS1) on i
nput line 156.
LaTeX Encoding Info:    Redeclaring text symbol \textdiscount (encoding TS1) on
 input line 157.
LaTeX Encoding Info:    Redeclaring text symbol \textestimated (encoding TS1) o
n input line 158.
LaTeX Encoding Info:    Redeclaring text symbol \textopenbullet (encoding TS1) 
on input line 159.
LaTeX Encoding Info:    Redeclaring text symbol \textservicemark (encoding TS1)
 on input line 160.
LaTeX Encoding Info:    Redeclaring text symbol \textlquill (encoding TS1) on i
nput line 161.
LaTeX Encoding Info:    Redeclaring text symbol \textrquill (encoding TS1) on i
nput line 162.
LaTeX Encoding Info:    Redeclaring text symbol \textcent (encoding TS1) on inp
ut line 163.
LaTeX Encoding Info:    Redeclaring text symbol \textsterling (encoding TS1) on
 input line 164.
LaTeX Encoding Info:    Redeclaring text symbol \textcurrency (encoding TS1) on
 input line 165.
LaTeX Encoding Info:    Redeclaring text symbol \textyen (encoding TS1) on inpu
t line 166.
LaTeX Encoding Info:    Redeclaring text symbol \textbrokenbar (encoding TS1) o
n input line 167.
LaTeX Encoding Info:    Redeclaring text symbol \textsection (encoding TS1) on 
input line 168.
LaTeX Encoding Info:    Redeclaring text symbol \textasciidieresis (encoding TS
1) on input line 169.
LaTeX Encoding Info:    Redeclaring text symbol \textcopyright (encoding TS1) o
n input line 170.
LaTeX Encoding Info:    Redeclaring text symbol \textordfeminine (encoding TS1)
 on input line 171.
LaTeX Encoding Info:    Redeclaring text symbol \textcopyleft (encoding TS1) on
 input line 172.
LaTeX Encoding Info:    Redeclaring text symbol \textlnot (encoding TS1) on inp
ut line 173.
LaTeX Encoding Info:    Redeclaring text symbol \textcircledP (encoding TS1) on
 input line 174.
LaTeX Encoding Info:    Redeclaring text symbol \textregistered (encoding TS1) 
on input line 175.
LaTeX Encoding Info:    Redeclaring text symbol \textasciimacron (encoding TS1)
 on input line 176.
LaTeX Encoding Info:    Redeclaring text symbol \textdegree (encoding TS1) on i
nput line 177.
LaTeX Encoding Info:    Redeclaring text symbol \textpm (encoding TS1) on input
 line 178.
LaTeX Encoding Info:    Redeclaring text symbol \texttwosuperior (encoding TS1)
 on input line 179.
LaTeX Encoding Info:    Redeclaring text symbol \textthreesuperior (encoding TS
1) on input line 180.
LaTeX Encoding Info:    Redeclaring text symbol \textasciiacute (encoding TS1) 
on input line 181.
LaTeX Encoding Info:    Redeclaring text symbol \textmu (encoding TS1) on input
 line 182.
LaTeX Encoding Info:    Redeclaring text symbol \textparagraph (encoding TS1) o
n input line 183.
LaTeX Encoding Info:    Redeclaring text symbol \textperiodcentered (encoding T
S1) on input line 184.
LaTeX Encoding Info:    Redeclaring text symbol \textreferencemark (encoding TS
1) on input line 185.
LaTeX Encoding Info:    Redeclaring text symbol \textonesuperior (encoding TS1)
 on input line 186.
LaTeX Encoding Info:    Redeclaring text symbol \textordmasculine (encoding TS1
) on input line 187.
LaTeX Encoding Info:    Redeclaring text symbol \textsurd (encoding TS1) on inp
ut line 188.
LaTeX Encoding Info:    Redeclaring text symbol \textonequarter (encoding TS1) 
on input line 189.
LaTeX Encoding Info:    Redeclaring text symbol \textonehalf (encoding TS1) on 
input line 190.
LaTeX Encoding Info:    Redeclaring text symbol \textthreequarters (encoding TS
1) on input line 191.
LaTeX Encoding Info:    Redeclaring text symbol \texteuro (encoding TS1) on inp
ut line 192.
LaTeX Encoding Info:    Redeclaring text symbol \texttimes (encoding TS1) on in
put line 193.
LaTeX Encoding Info:    Redeclaring text symbol \textdiv (encoding TS1) on inpu
t line 194.
))
(C:/Users/U47A74UA/AppData/Local/Programs/MiKTeX/tex/latex/amsmath/amsmath.sty
Package: amsmath 2025/06/16 v2.17y AMS math features
\@mathmargin=\skip66

For additional information on amsmath, use the `?' option.
(C:/Users/U47A74UA/AppData/Local/Programs/MiKTeX/tex/latex/amsmath/amstext.sty
Package: amstext 2024/11/17 v2.01 AMS text

(C:/Users/U47A74UA/AppData/Local/Programs/MiKTeX/tex/latex/amsmath/amsgen.sty
File: amsgen.sty 1999/11/30 v2.0 generic functions
\@emptytoks=\toks18
\ex@=\dimen151
)) (C:/Users/U47A74UA/AppData/Local/Programs/MiKTeX/tex/latex/amsmath/amsbsy.st
y
Package: amsbsy 1999/11/29 v1.2d Bold Symbols
\pmbraise@=\dimen152
) (C:/Users/U47A74UA/AppData/Local/Programs/MiKTeX/tex/latex/amsmath/amsopn.sty
Package: amsopn 2022/04/08 v2.04 operator names
)
\inf@bad=\count296
LaTeX Info: Redefining \frac on input line 235.
\uproot@=\count297
\leftroot@=\count298
LaTeX Info: Redefining \overline on input line 398.
LaTeX Info: Redefining \colon on input line 409.
\classnum@=\count299
\DOTSCASE@=\count300
LaTeX Info: Redefining \ldots on input line 495.
LaTeX Info: Redefining \dots on input line 498.
LaTeX Info: Redefining \cdots on input line 619.
\Mathstrutbox@=\box55
\strutbox@=\box56
LaTeX Info: Redefining \big on input line 721.
LaTeX Info: Redefining \Big on input line 722.
LaTeX Info: Redefining \bigg on input line 723.
LaTeX Info: Redefining \Bigg on input line 724.
\big@size=\dimen153
LaTeX Font Info:    Redeclaring font encoding OML on input line 742.
LaTeX Font Info:    Redeclaring font encoding OMS on input line 743.
\macc@depth=\count301
LaTeX Info: Redefining \bmod on input line 904.
LaTeX Info: Redefining \pmod on input line 909.
LaTeX Info: Redefining \smash on input line 939.
LaTeX Info: Redefining \relbar on input line 969.
LaTeX Info: Redefining \Relbar on input line 970.
\c@MaxMatrixCols=\count302
\dotsspace@=\muskip17
\c@parentequation=\count303
\dspbrk@lvl=\count304
\tag@help=\toks19
\row@=\count305
\column@=\count306
\maxfields@=\count307
\andhelp@=\toks20
\eqnshift@=\dimen154
\alignsep@=\dimen155
\tagshift@=\dimen156
\tagwidth@=\dimen157
\totwidth@=\dimen158
\lineht@=\dimen159
\@envbody=\toks21
\multlinegap=\skip67
\multlinetaggap=\skip68
\mathdisplay@stack=\toks22
LaTeX Info: Redefining \[ on input line 2949.
LaTeX Info: Redefining \] on input line 2950.
)
(C:/Users/U47A74UA/AppData/Local/Programs/MiKTeX/tex/lualatex/lualatex-math/lua
latex-math.sty
Package: lualatex-math 2022/01/01 v1.12 Patches for mathematics typesetting wit
h LuaLaTeX
Lua module: lualatex-math 2013/08/03 v1.3 Patches for mathematics typesetting wi
th LuaLaTeX)
\g__um_fam_int=\count308
\g__um_fonts_used_int=\count309
\l__um_primecount_int=\count310
\g__um_primekern_muskip=\muskip18

(C:/Users/U47A74UA/AppData/Local/Programs/MiKTeX/tex/latex/unicode-math/unicode
-math-table.tex)))
(C:/Users/U47A74UA/AppData/Local/Programs/MiKTeX/tex/latex/xcolor/xcolor.sty
Package: xcolor 2024/09/29 v3.02 LaTeX color extensions (UK)

(C:/Users/U47A74UA/AppData/Local/Programs/MiKTeX/tex/latex/graphics-cfg/color.c
fg
File: color.cfg 2016/01/02 v1.6 sample color configuration
)
Package xcolor Info: Driver file: luatex.def on input line 274.

(C:/Users/U47A74UA/AppData/Local/Programs/MiKTeX/tex/latex/graphics-def/luatex.
def
File: luatex.def 2025/09/29 v1.2f Graphics/color driver for luatex
)
(C:/Users/U47A74UA/AppData/Local/Programs/MiKTeX/tex/latex/graphics/mathcolor.l
tx)
Package xcolor Info: Model `cmy' substituted by `cmy0' on input line 1349.
Package xcolor Info: Model `hsb' substituted by `rgb' on input line 1353.
Package xcolor Info: Model `RGB' extended on input line 1365.
Package xcolor Info: Model `HTML' substituted by `rgb' on input line 1367.
Package xcolor Info: Model `Hsb' substituted by `hsb' on input line 1368.
Package xcolor Info: Model `tHsb' substituted by `hsb' on input line 1369.
Package xcolor Info: Model `HSB' substituted by `hsb' on input line 1370.
Package xcolor Info: Model `Gray' substituted by `gray' on input line 1371.
Package xcolor Info: Model `wave' substituted by `hsb' on input line 1372.
)
(C:/Users/U47A74UA/AppData/Local/Programs/MiKTeX/tex/latex/microtype/microtype.
sty
Package: microtype 2025/07/09 v3.2b Micro-typographical refinements (RS)
\MT@toks=\toks23
\MT@tempbox=\box57
\MT@count=\count311
LaTeX Info: Redefining \noprotrusionifhmode on input line 1087.
LaTeX Info: Redefining \leftprotrusion on input line 1088.
\MT@prot@toks=\toks24
LaTeX Info: Redefining \rightprotrusion on input line 1107.
LaTeX Info: Redefining \textls on input line 1449.
\MT@outer@kern=\dimen160
LaTeX Info: Redefining \microtypecontext on input line 2053.
LaTeX Info: Redefining \textmicrotypecontext on input line 2070.
\MT@listname@count=\count312

(C:/Users/U47A74UA/AppData/Local/Programs/MiKTeX/tex/latex/microtype/microtype-
luatex.def
File: microtype-luatex.def 2025/07/09 v3.2b Definitions specific to luatex (RS)

Lua module: microtype 2025/07/09 v3.2b microtype module.
Module microtype Info: overwriting function `keepligature' on input line 63
LaTeX Info: Redefining \lsstyle on input line 779.
LaTeX Info: Redefining \lslig on input line 779.
\MT@outer@space=\skip69
)
Package microtype Info: Loading configuration file microtype.cfg.

(C:/Users/U47A74UA/AppData/Local/Programs/MiKTeX/tex/latex/microtype/microtype.
cfg
File: microtype.cfg 2025/07/09 v3.2b microtype main configuration file (RS)
)
LaTeX Info: Redefining \microtypesetup on input line 3065.
)
(C:/Users/U47A74UA/AppData/Local/Programs/MiKTeX/tex/latex/setspace/setspace.st
y
Package: setspace 2022/12/04 v6.7b set line spacing
)
(C:/Users/U47A74UA/AppData/Local/Programs/MiKTeX/tex/latex/csquotes/csquotes.st
y
Package: csquotes 2024-04-04 v5.2o context-sensitive quotations (JAW)
\csq@reset=\count313
\csq@gtype=\count314
\csq@glevel=\count315
\csq@qlevel=\count316
\csq@maxlvl=\count317
\csq@tshold=\count318
\csq@ltx@everypar=\toks25

(C:/Users/U47A74UA/AppData/Local/Programs/MiKTeX/tex/latex/csquotes/csquotes.de
f
File: csquotes.def 2024-04-04 v5.2o csquotes generic definitions (JAW)
)
Package csquotes Info: Trying to load configuration file 'csquotes.cfg'...
Package csquotes Info: ... configuration file loaded successfully.

(C:/Users/U47A74UA/AppData/Local/Programs/MiKTeX/tex/latex/csquotes/csquotes.cf
g
File: csquotes.cfg 
))
(C:/Users/U47A74UA/AppData/Local/Programs/MiKTeX/tex/latex/siunitx/siunitx.sty
Package: siunitx 2025-07-09 v3.4.14 A comprehensive (SI) units package
\l__siunitx_number_uncert_offset_int=\count319
\l__siunitx_number_exponent_fixed_int=\count320
\l__siunitx_number_min_decimal_int=\count321
\l__siunitx_number_min_integer_int=\count322
\l__siunitx_number_round_precision_int=\count323
\l__siunitx_number_lower_threshold_int=\count324
\l__siunitx_number_upper_threshold_int=\count325
\l__siunitx_number_group_first_int=\count326
\l__siunitx_number_group_size_int=\count327
\l__siunitx_number_group_minimum_int=\count328
\l__siunitx_angle_tmp_dim=\dimen161
\l__siunitx_angle_marker_box=\box58
\l__siunitx_angle_unit_box=\box59
\l__siunitx_compound_count_int=\count329

(C:/Users/U47A74UA/AppData/Local/Programs/MiKTeX/tex/latex/translations/transla
tions.sty
Package: translations 2022/02/05 v1.12 internationalization of LaTeX2e packages
 (CN)

(C:/Users/U47A74UA/AppData/Local/Programs/MiKTeX/tex/generic/pdftexcmds/pdftexc
mds.sty
Package: pdftexcmds 2020-06-27 v0.33 Utility functions of pdfTeX for LuaTeX (HO
)

(C:/Users/U47A74UA/AppData/Local/Programs/MiKTeX/tex/generic/infwarerr/infwarer
r.sty
Package: infwarerr 2019/12/03 v1.5 Providing info/warning/error messages (HO)
)
Package pdftexcmds Info: \pdf@primitive is available.
Package pdftexcmds Info: \pdf@ifprimitive is available.
Package pdftexcmds Info: \pdfdraftmode found.
\pdftexcmds@toks=\toks26
))
\l__siunitx_table_tmp_box=\box60
\l__siunitx_table_tmp_dim=\dimen162
\l__siunitx_table_column_width_dim=\dimen163
\l__siunitx_table_integer_box=\box61
\l__siunitx_table_decimal_box=\box62
\l__siunitx_table_uncert_box=\box63
\l__siunitx_table_before_box=\box64
\l__siunitx_table_after_box=\box65
\l__siunitx_table_before_dim=\dimen164
\l__siunitx_table_carry_dim=\dimen165
\l__siunitx_unit_tmp_int=\count330
\l__siunitx_unit_position_int=\count331
\l__siunitx_unit_total_int=\count332

(C:/Users/U47A74UA/AppData/Local/Programs/MiKTeX/tex/latex/tools/array.sty
Package: array 2025/06/08 v2.6j Tabular extension package (FMi)
\col@sep=\dimen166
\ar@mcellbox=\box66
\extrarowheight=\dimen167
\NC@list=\toks27
\extratabsurround=\skip70
\backup@length=\skip71
\ar@cellbox=\box67
))
(C:/Users/U47A74UA/AppData/Local/Programs/MiKTeX/tex/latex/booktabs/booktabs.st
y
Package: booktabs 2020/01/12 v1.61803398 Publication quality tables
\heavyrulewidth=\dimen168
\lightrulewidth=\dimen169
\cmidrulewidth=\dimen170
\belowrulesep=\dimen171
\belowbottomsep=\dimen172
\aboverulesep=\dimen173
\abovetopsep=\dimen174
\cmidrulesep=\dimen175
\cmidrulekern=\dimen176
\defaultaddspace=\dimen177
\@cmidla=\count333
\@cmidlb=\count334
\@aboverulesep=\dimen178
\@belowrulesep=\dimen179
\@thisruleclass=\count335
\@lastruleclass=\count336
\@thisrulewidth=\dimen180
)
(C:/Users/U47A74UA/AppData/Local/Programs/MiKTeX/tex/latex/caption/caption.sty
Package: caption 2023/08/05 v3.6o Customizing captions (AR)

(C:/Users/U47A74UA/AppData/Local/Programs/MiKTeX/tex/latex/caption/caption3.sty
Package: caption3 2023/07/31 v2.4d caption3 kernel (AR)
\caption@tempdima=\dimen181
\captionmargin=\dimen182
\caption@leftmargin=\dimen183
\caption@rightmargin=\dimen184
\caption@width=\dimen185
\caption@indent=\dimen186
\caption@parindent=\dimen187
\caption@hangindent=\dimen188
Package caption Info: Unknown document class (or package),
(caption)             standard defaults will be used.
Package caption Info: \@makecaption = \long macro:#1#2->\@abovecaptionbreak \vs
kip \abovecaptionskip \@abovecaptionbreak \@@makecaption \@firstofone {#1}{#2}\
@belowcaptionbreak \vskip \belowcaptionskip \@belowcaptionbreak  on input line 
1175.
)

Package caption Warning: Unknown document class (or package),
(caption)                standard defaults will be used.
See the caption package documentation for explanation.

\c@caption@flags=\count337
\c@continuedfloat=\count338
)
(C:/Users/U47A74UA/AppData/Local/Programs/MiKTeX/tex/latex/enumitem/enumitem.st
y
Package: enumitem 2025/02/06 v3.11 Customized lists
\labelindent=\skip72
\enit@outerparindent=\dimen189
\enit@toks=\toks28
\enit@inbox=\box68
\enit@count@id=\count339
\enitdp@description=\count340
)
(C:/Users/U47A74UA/AppData/Local/Programs/MiKTeX/tex/latex/tabularray/tabularra
y.sty
Package: tabularray 2025-08-29 v2025B Typeset tabulars and arrays with LaTeX3

(C:/Users/U47A74UA/AppData/Local/Programs/MiKTeX/tex/latex/ninecolors/ninecolor
s.sty
Package: ninecolors 2022-02-13 v2022D Select colors with proper color contrast
)
\l__tblr_a_int=\count341
\l__tblr_c_int=\count342
\l__tblr_r_int=\count343
\l__tblr_d_dim=\dimen190
\l__tblr_h_dim=\dimen191
\l__tblr_o_dim=\dimen192
\l__tblr_p_dim=\dimen193
\l__tblr_q_dim=\dimen194
\l__tblr_r_dim=\dimen195
\l__tblr_s_dim=\dimen196
\l__tblr_t_dim=\dimen197
\l__tblr_v_dim=\dimen198
\l__tblr_w_dim=\dimen199
\l__tblr_a_box=\box69
\l__tblr_b_box=\box70
\l__tblr_c_box=\box71
\l__tblr_d_box=\box72
\c@tblrcount=\count344
\c@rownum=\count345
\c@colnum=\count346
\c@rowcount=\count347
\c@colcount=\count348
\abovesep=\dimen256
\belowsep=\dimen257
\leftsep=\dimen258
\rightsep=\dimen259
\gTblrLevelInt=\count349
\g__tblr_data_row_key_count_int=\count350
\g__tblr_data_column_key_count_int=\count351
\g__tblr_data_cell_key_count_int=\count352
\g__tblr_array_int=\count353
\l__tblr_key_count_int=\count354
\l__tblr_key_quotient_int=\count355
\l__tblr_key_quotient_two_int=\count356
\l__tblr_key_remainder_int=\count357
\g__tblr_data_str_value_count_int=\count358
\lTblrChildTotalInt=\count359
\lTblrChildHtotalInt=\count360
\lTblrChildVtotalInt=\count361
\l__child_diff_h_int=\count362
\l__child_diff_v_int=\count363
\l__child_sign_h_int=\count364
\l__child_sign_v_int=\count365
\l__child_step_int=\count366
\lTblrDefaultHruleWidthDim=\dimen260
\lTblrDefaultVruleWidthDim=\dimen261
\l__tblr_split_balance_int=\count367
\l__tblr_strut_dp_dim=\dimen262
\l__tblr_strut_ht_dim=\dimen263
\g__tblr_cell_wd_dim=\dimen264
\g__tblr_cell_ht_dim=\dimen265
\g__tblr_cell_head_dim=\dimen266
\g__tblr_cell_foot_dim=\dimen267
\l__tblr_measured_cell_box=\box73
\g__tblr_last_box=\box74
\l__tblr_temp_box=\box75
\l__tblr_column_target_dim=\dimen268
\l__tblr_hfuzz_dim=\dimen269
\l__tblr_caption_box=\box76
\l__tblr_caption_left_box=\box77
\lTblrRowHeadInt=\count368
\lTblrRowFootInt=\count369
\l__tblr_row_head_box=\box78
\l__tblr_row_foot_box=\box79
\l__tblr_row_head_foot_dim=\dimen270
\lTblrTableWidthDim=\dimen271
\l__tblr_table_firsthead_box=\box80
\l__tblr_table_middlehead_box=\box81
\l__tblr_table_lasthead_box=\box82
\l__tblr_table_firstfoot_box=\box83
\l__tblr_table_middlefoot_box=\box84
\l__tblr_table_lastfoot_box=\box85
\l__tblr_remain_height_dim=\dimen272
\l__tblr_long_from_int=\count370
\l__tblr_long_to_int=\count371
\l__tblr_curr_i_int=\count372
\l__tblr_prev_i_int=\count373
\lTblrTablePageInt=\count374
\l__tblr_table_head_box=\box86
\l__tblr_table_foot_box=\box87
\l__tblr_table_head_foot_dim=\dimen273
\l__tblr_table_head_body_foot_dim=\dimen274
\l__tblr_table_box=\box88
\lTblrRowFirstInt=\count375
\lTblrRowLastInt=\count376
\l__tblr_table_hlines_box=\box89
\l__tblr_hline_box=\box90
\l__tblr_row_box=\box91
\l__tblr_col_o_wd_dim=\dimen275
\l__tblr_col_b_wd_dim=\dimen276
\l__tblr_hline_leftskip_dim=\dimen277
\l__tblr_hline_rightskip_dim=\dimen278
\l__tblr_row_ht_dim=\dimen279
\l__tblr_row_dp_dim=\dimen280
\l__tblr_row_abovesep_dim=\dimen281
\l__tblr_row_belowsep_dim=\dimen282
\l__tblr_row_vlines_box=\box92
\l__tblr_vline_box=\box93
\l__tblr_cell_box=\box94
\l__tblr_row_upper_dim=\dimen283
\l__tblr_row_lower_dim=\dimen284
\l__tblr_row_vpace_dim=\dimen285
\l__tblr_vline_aboveskip_dim=\dimen286
\l__tblr_vline_belowskip_dim=\dimen287
\lTblrCellRowSpanInt=\count377
\lTblrCellColSpanInt=\count378
\l__tblr_cell_wd_dim=\dimen288
\l__tblr_cell_ht_dim=\dimen289
\lTblrCellAboveBorderWidthDim=\dimen290
\lTblrCellBelowBorderWidthDim=\dimen291
\lTblrCellLeftBorderWidthDim=\dimen292
\lTblrCellRightBorderWidthDim=\dimen293
\l__tblr_diag_box=\box95
\l__tblr_cell_inner_wd_dim=\dimen294
\l__tblr_cell_inner_dp_dim=\dimen295
\l__tblr_cell_hanchor_dim=\dimen296
\l__tblr_last_cell_table_ht_dim=\dimen297
\l__tblr_last_cell_table_dp_dim=\dimen298
\l__tblr_last_vline_wd_dim=\dimen299
\l__tblr_tikz_node_box=\box96
)
(C:/Users/U47A74UA/AppData/Local/Programs/MiKTeX/tex/latex/tblr-extras/tblr-ext
ras.sty
Package: tblr-extras 2024/06/25 package tblr-extras
)
(C:/Users/U47A74UA/AppData/Local/Programs/MiKTeX/tex/latex/varwidth/varwidth.st
y
Package: varwidth 2009/03/30 ver 0.92;  Variable-width minipages
\@vwid@box=\box97
\sift@deathcycles=\count379
\@vwid@loff=\dimen300
\@vwid@roff=\dimen301
)
==> First Aid for varwidth.sty applied!

(C:/Users/U47A74UA/AppData/Local/Programs/MiKTeX/tex/latex/tcolorbox/tcolorbox.
sty
Package: tcolorbox 2025/09/09 version 6.8.0 text color boxes

(C:/Users/U47A74UA/AppData/Local/Programs/MiKTeX/tex/latex/pgf/frontendlayer/ti
kz.sty
(C:/Users/U47A74UA/AppData/Local/Programs/MiKTeX/tex/latex/pgf/basiclayer/pgf.s
ty
(C:/Users/U47A74UA/AppData/Local/Programs/MiKTeX/tex/latex/pgf/utilities/pgfrcs
.sty
(C:/Users/U47A74UA/AppData/Local/Programs/MiKTeX/tex/generic/pgf/utilities/pgfu
til-common.tex
\pgfutil@everybye=\toks29
\pgfutil@tempdima=\dimen302
\pgfutil@tempdimb=\dimen303
)
(C:/Users/U47A74UA/AppData/Local/Programs/MiKTeX/tex/generic/pgf/utilities/pgfu
til-latex.def
\pgfutil@abb=\box98
)
(C:/Users/U47A74UA/AppData/Local/Programs/MiKTeX/tex/generic/pgf/utilities/pgfr
cs.code.tex
(C:/Users/U47A74UA/AppData/Local/Programs/MiKTeX/tex/generic/pgf/pgf.revision.t
ex)
Package: pgfrcs 2025-08-29 v3.1.11a (3.1.11a)
))
Package: pgf 2025-08-29 v3.1.11a (3.1.11a)

(C:/Users/U47A74UA/AppData/Local/Programs/MiKTeX/tex/latex/pgf/basiclayer/pgfco
re.sty
(C:/Users/U47A74UA/AppData/Local/Programs/MiKTeX/tex/latex/graphics/graphicx.st
y
Package: graphicx 2024/12/31 v1.2e Enhanced LaTeX Graphics (DPC,SPQR)

(C:/Users/U47A74UA/AppData/Local/Programs/MiKTeX/tex/latex/graphics/graphics.st
y
Package: graphics 2024/08/06 v1.4g Standard LaTeX Graphics (DPC,SPQR)
 (C:/Users/U47A74UA/AppData/Local/Programs/MiKTeX/tex/latex/graphics/trig.sty
Package: trig 2023/12/02 v1.11 sin cos tan (DPC)
)
(C:/Users/U47A74UA/AppData/Local/Programs/MiKTeX/tex/latex/graphics-cfg/graphic
s.cfg
File: graphics.cfg 2016/06/04 v1.11 sample graphics configuration
)
Package graphics Info: Driver file: luatex.def on input line 106.
)
\Gin@req@height=\dimen304
\Gin@req@width=\dimen305
)
(C:/Users/U47A74UA/AppData/Local/Programs/MiKTeX/tex/latex/pgf/systemlayer/pgfs
ys.sty
(C:/Users/U47A74UA/AppData/Local/Programs/MiKTeX/tex/generic/pgf/systemlayer/pg
fsys.code.tex
Package: pgfsys 2025-08-29 v3.1.11a (3.1.11a)

(C:/Users/U47A74UA/AppData/Local/Programs/MiKTeX/tex/generic/pgf/utilities/pgfk
eys.code.tex
\pgfkeys@pathtoks=\toks30
\pgfkeys@temptoks=\toks31

(C:/Users/U47A74UA/AppData/Local/Programs/MiKTeX/tex/generic/pgf/utilities/pgfk
eyslibraryfiltered.code.tex
\pgfkeys@tmptoks=\toks32
))
\pgf@x=\dimen306
\pgf@y=\dimen307
\pgf@xa=\dimen308
\pgf@ya=\dimen309
\pgf@xb=\dimen310
\pgf@yb=\dimen311
\pgf@xc=\dimen312
\pgf@yc=\dimen313
\pgf@xd=\dimen314
\pgf@yd=\dimen315
\w@pgf@writea=\write3
\r@pgf@reada=\read2
\c@pgf@counta=\count380
\c@pgf@countb=\count381
\c@pgf@countc=\count382
\c@pgf@countd=\count383
\t@pgf@toka=\toks33
\t@pgf@tokb=\toks34
\t@pgf@tokc=\toks35
\pgf@sys@id@count=\count384

(C:/Users/U47A74UA/AppData/Local/Programs/MiKTeX/tex/generic/pgf/systemlayer/pg
f.cfg
File: pgf.cfg 2025-08-29 v3.1.11a (3.1.11a)
)
Driver file for pgf: pgfsys-luatex.def

(C:/Users/U47A74UA/AppData/Local/Programs/MiKTeX/tex/generic/pgf/systemlayer/pg
fsys-luatex.def
File: pgfsys-luatex.def 2025-08-29 v3.1.11a (3.1.11a)

(C:/Users/U47A74UA/AppData/Local/Programs/MiKTeX/tex/generic/pgf/systemlayer/pg
fsys-common-pdf.def
File: pgfsys-common-pdf.def 2025-08-29 v3.1.11a (3.1.11a)
)))
(C:/Users/U47A74UA/AppData/Local/Programs/MiKTeX/tex/generic/pgf/systemlayer/pg
fsyssoftpath.code.tex
File: pgfsyssoftpath.code.tex 2025-08-29 v3.1.11a (3.1.11a)
\pgfsyssoftpath@smallbuffer@items=\count385
\pgfsyssoftpath@bigbuffer@items=\count386
)
(C:/Users/U47A74UA/AppData/Local/Programs/MiKTeX/tex/generic/pgf/systemlayer/pg
fsysprotocol.code.tex
File: pgfsysprotocol.code.tex 2025-08-29 v3.1.11a (3.1.11a)
))
(C:/Users/U47A74UA/AppData/Local/Programs/MiKTeX/tex/generic/pgf/basiclayer/pgf
core.code.tex
Package: pgfcore 2025-08-29 v3.1.11a (3.1.11a)

(C:/Users/U47A74UA/AppData/Local/Programs/MiKTeX/tex/generic/pgf/math/pgfmath.c
ode.tex
(C:/Users/U47A74UA/AppData/Local/Programs/MiKTeX/tex/generic/pgf/math/pgfmathut
il.code.tex)
(C:/Users/U47A74UA/AppData/Local/Programs/MiKTeX/tex/generic/pgf/math/pgfmathpa
rser.code.tex
\pgfmath@dimen=\dimen316
\pgfmath@count=\count387
\pgfmath@box=\box99
\pgfmath@toks=\toks36
\pgfmath@stack@operand=\toks37
\pgfmath@stack@operation=\toks38
)
(C:/Users/U47A74UA/AppData/Local/Programs/MiKTeX/tex/generic/pgf/math/pgfmathfu
nctions.code.tex)
(C:/Users/U47A74UA/AppData/Local/Programs/MiKTeX/tex/generic/pgf/math/pgfmathfu
nctions.basic.code.tex)
(C:/Users/U47A74UA/AppData/Local/Programs/MiKTeX/tex/generic/pgf/math/pgfmathfu
nctions.trigonometric.code.tex)
(C:/Users/U47A74UA/AppData/Local/Programs/MiKTeX/tex/generic/pgf/math/pgfmathfu
nctions.random.code.tex)
(C:/Users/U47A74UA/AppData/Local/Programs/MiKTeX/tex/generic/pgf/math/pgfmathfu
nctions.comparison.code.tex)
(C:/Users/U47A74UA/AppData/Local/Programs/MiKTeX/tex/generic/pgf/math/pgfmathfu
nctions.base.code.tex)
(C:/Users/U47A74UA/AppData/Local/Programs/MiKTeX/tex/generic/pgf/math/pgfmathfu
nctions.round.code.tex)
(C:/Users/U47A74UA/AppData/Local/Programs/MiKTeX/tex/generic/pgf/math/pgfmathfu
nctions.misc.code.tex)
(C:/Users/U47A74UA/AppData/Local/Programs/MiKTeX/tex/generic/pgf/math/pgfmathfu
nctions.integerarithmetics.code.tex)
(C:/Users/U47A74UA/AppData/Local/Programs/MiKTeX/tex/generic/pgf/math/pgfmathca
lc.code.tex)
(C:/Users/U47A74UA/AppData/Local/Programs/MiKTeX/tex/generic/pgf/math/pgfmathfl
oat.code.tex
\c@pgfmathroundto@lastzeros=\count388
))
(C:/Users/U47A74UA/AppData/Local/Programs/MiKTeX/tex/generic/pgf/math/pgfint.co
de.tex)
(C:/Users/U47A74UA/AppData/Local/Programs/MiKTeX/tex/generic/pgf/basiclayer/pgf
corepoints.code.tex
File: pgfcorepoints.code.tex 2025-08-29 v3.1.11a (3.1.11a)
\pgf@picminx=\dimen317
\pgf@picmaxx=\dimen318
\pgf@picminy=\dimen319
\pgf@picmaxy=\dimen320
\pgf@pathminx=\dimen321
\pgf@pathmaxx=\dimen322
\pgf@pathminy=\dimen323
\pgf@pathmaxy=\dimen324
\pgf@xx=\dimen325
\pgf@xy=\dimen326
\pgf@yx=\dimen327
\pgf@yy=\dimen328
\pgf@zx=\dimen329
\pgf@zy=\dimen330
)
(C:/Users/U47A74UA/AppData/Local/Programs/MiKTeX/tex/generic/pgf/basiclayer/pgf
corepathconstruct.code.tex
File: pgfcorepathconstruct.code.tex 2025-08-29 v3.1.11a (3.1.11a)
\pgf@path@lastx=\dimen331
\pgf@path@lasty=\dimen332
)
(C:/Users/U47A74UA/AppData/Local/Programs/MiKTeX/tex/generic/pgf/basiclayer/pgf
corepathusage.code.tex
File: pgfcorepathusage.code.tex 2025-08-29 v3.1.11a (3.1.11a)
\pgf@shorten@end@additional=\dimen333
\pgf@shorten@start@additional=\dimen334
)
(C:/Users/U47A74UA/AppData/Local/Programs/MiKTeX/tex/generic/pgf/basiclayer/pgf
corescopes.code.tex
File: pgfcorescopes.code.tex 2025-08-29 v3.1.11a (3.1.11a)
\pgfpic=\box100
\pgf@hbox=\box101
\pgf@layerbox@main=\box102
\pgf@picture@serial@count=\count389
)
(C:/Users/U47A74UA/AppData/Local/Programs/MiKTeX/tex/generic/pgf/basiclayer/pgf
coregraphicstate.code.tex
File: pgfcoregraphicstate.code.tex 2025-08-29 v3.1.11a (3.1.11a)
\pgflinewidth=\dimen335
)
(C:/Users/U47A74UA/AppData/Local/Programs/MiKTeX/tex/generic/pgf/basiclayer/pgf
coretransformations.code.tex
File: pgfcoretransformations.code.tex 2025-08-29 v3.1.11a (3.1.11a)
\pgf@pt@x=\dimen336
\pgf@pt@y=\dimen337
\pgf@pt@temp=\dimen338
)
(C:/Users/U47A74UA/AppData/Local/Programs/MiKTeX/tex/generic/pgf/basiclayer/pgf
corequick.code.tex
File: pgfcorequick.code.tex 2025-08-29 v3.1.11a (3.1.11a)
)
(C:/Users/U47A74UA/AppData/Local/Programs/MiKTeX/tex/generic/pgf/basiclayer/pgf
coreobjects.code.tex
File: pgfcoreobjects.code.tex 2025-08-29 v3.1.11a (3.1.11a)
)
(C:/Users/U47A74UA/AppData/Local/Programs/MiKTeX/tex/generic/pgf/basiclayer/pgf
corepathprocessing.code.tex
File: pgfcorepathprocessing.code.tex 2025-08-29 v3.1.11a (3.1.11a)
)
(C:/Users/U47A74UA/AppData/Local/Programs/MiKTeX/tex/generic/pgf/basiclayer/pgf
corearrows.code.tex
File: pgfcorearrows.code.tex 2025-08-29 v3.1.11a (3.1.11a)
\pgfarrowsep=\dimen339
)
(C:/Users/U47A74UA/AppData/Local/Programs/MiKTeX/tex/generic/pgf/basiclayer/pgf
coreshade.code.tex
File: pgfcoreshade.code.tex 2025-08-29 v3.1.11a (3.1.11a)
\pgf@max=\dimen340
\pgf@sys@shading@range@num=\count390
\pgf@shadingcount=\count391
)
(C:/Users/U47A74UA/AppData/Local/Programs/MiKTeX/tex/generic/pgf/basiclayer/pgf
coreimage.code.tex
File: pgfcoreimage.code.tex 2025-08-29 v3.1.11a (3.1.11a)
)
(C:/Users/U47A74UA/AppData/Local/Programs/MiKTeX/tex/generic/pgf/basiclayer/pgf
coreexternal.code.tex
File: pgfcoreexternal.code.tex 2025-08-29 v3.1.11a (3.1.11a)
\pgfexternal@startupbox=\box103
)
(C:/Users/U47A74UA/AppData/Local/Programs/MiKTeX/tex/generic/pgf/basiclayer/pgf
corelayers.code.tex
File: pgfcorelayers.code.tex 2025-08-29 v3.1.11a (3.1.11a)
)
(C:/Users/U47A74UA/AppData/Local/Programs/MiKTeX/tex/generic/pgf/basiclayer/pgf
coretransparency.code.tex
File: pgfcoretransparency.code.tex 2025-08-29 v3.1.11a (3.1.11a)
)
(C:/Users/U47A74UA/AppData/Local/Programs/MiKTeX/tex/generic/pgf/basiclayer/pgf
corepatterns.code.tex
File: pgfcorepatterns.code.tex 2025-08-29 v3.1.11a (3.1.11a)
)
(C:/Users/U47A74UA/AppData/Local/Programs/MiKTeX/tex/generic/pgf/basiclayer/pgf
corerdf.code.tex
File: pgfcorerdf.code.tex 2025-08-29 v3.1.11a (3.1.11a)
)))
(C:/Users/U47A74UA/AppData/Local/Programs/MiKTeX/tex/generic/pgf/modules/pgfmod
uleshapes.code.tex
File: pgfmoduleshapes.code.tex 2025-08-29 v3.1.11a (3.1.11a)
\pgfnodeparttextbox=\box104
)
(C:/Users/U47A74UA/AppData/Local/Programs/MiKTeX/tex/generic/pgf/modules/pgfmod
uleplot.code.tex
File: pgfmoduleplot.code.tex 2025-08-29 v3.1.11a (3.1.11a)
)
(C:/Users/U47A74UA/AppData/Local/Programs/MiKTeX/tex/latex/pgf/compatibility/pg
fcomp-version-0-65.sty
Package: pgfcomp-version-0-65 2025-08-29 v3.1.11a (3.1.11a)
\pgf@nodesepstart=\dimen341
\pgf@nodesepend=\dimen342
)
(C:/Users/U47A74UA/AppData/Local/Programs/MiKTeX/tex/latex/pgf/compatibility/pg
fcomp-version-1-18.sty
Package: pgfcomp-version-1-18 2025-08-29 v3.1.11a (3.1.11a)
))
(C:/Users/U47A74UA/AppData/Local/Programs/MiKTeX/tex/latex/pgf/utilities/pgffor
.sty
(C:/Users/U47A74UA/AppData/Local/Programs/MiKTeX/tex/latex/pgf/utilities/pgfkey
s.sty
(C:/Users/U47A74UA/AppData/Local/Programs/MiKTeX/tex/generic/pgf/utilities/pgfk
eys.code.tex))
(C:/Users/U47A74UA/AppData/Local/Programs/MiKTeX/tex/latex/pgf/math/pgfmath.sty

(C:/Users/U47A74UA/AppData/Local/Programs/MiKTeX/tex/generic/pgf/math/pgfmath.c
ode.tex))
(C:/Users/U47A74UA/AppData/Local/Programs/MiKTeX/tex/generic/pgf/utilities/pgff
or.code.tex
Package: pgffor 2025-08-29 v3.1.11a (3.1.11a)
\pgffor@iter=\dimen343
\pgffor@skip=\dimen344
\pgffor@stack=\toks39
\pgffor@toks=\toks40
))
(C:/Users/U47A74UA/AppData/Local/Programs/MiKTeX/tex/generic/pgf/frontendlayer/
tikz/tikz.code.tex
Package: tikz 2025-08-29 v3.1.11a (3.1.11a)

(C:/Users/U47A74UA/AppData/Local/Programs/MiKTeX/tex/generic/pgf/libraries/pgfl
ibraryplothandlers.code.tex
File: pgflibraryplothandlers.code.tex 2025-08-29 v3.1.11a (3.1.11a)
\pgf@plot@mark@count=\count392
\pgfplotmarksize=\dimen345
)
\tikz@lastx=\dimen346
\tikz@lasty=\dimen347
\tikz@lastxsaved=\dimen348
\tikz@lastysaved=\dimen349
\tikz@lastmovetox=\dimen350
\tikz@lastmovetoy=\dimen351
\tikzleveldistance=\dimen352
\tikzsiblingdistance=\dimen353
\tikz@figbox=\box105
\tikz@figbox@bg=\box106
\tikz@tempbox=\box107
\tikz@tempbox@bg=\box108
\tikztreelevel=\count393
\tikznumberofchildren=\count394
\tikznumberofcurrentchild=\count395
\tikz@fig@count=\count396

(C:/Users/U47A74UA/AppData/Local/Programs/MiKTeX/tex/generic/pgf/modules/pgfmod
ulematrix.code.tex
File: pgfmodulematrix.code.tex 2025-08-29 v3.1.11a (3.1.11a)
\pgfmatrixcurrentrow=\count397
\pgfmatrixcurrentcolumn=\count398
\pgf@matrix@numberofcolumns=\count399
)
\tikz@expandcount=\count400

(C:/Users/U47A74UA/AppData/Local/Programs/MiKTeX/tex/generic/pgf/frontendlayer/
tikz/libraries/tikzlibrarytopaths.code.tex
File: tikzlibrarytopaths.code.tex 2025-08-29 v3.1.11a (3.1.11a)
)))
(C:/Users/U47A74UA/AppData/Local/Programs/MiKTeX/tex/latex/tools/verbatim.sty
Package: verbatim 2024-01-22 v1.5x LaTeX2e package for verbatim enhancements
\every@verbatim=\toks41
\verbatim@line=\toks42
\verbatim@in@stream=\read3
)
(C:/Users/U47A74UA/AppData/Local/Programs/MiKTeX/tex/latex/environ/environ.sty
Package: environ 2014/05/04 v0.3 A new way to define environments

(C:/Users/U47A74UA/AppData/Local/Programs/MiKTeX/tex/latex/trimspaces/trimspace
s.sty
Package: trimspaces 2009/09/17 v1.1 Trim spaces around a token list
))
\tcb@titlebox=\box109
\tcb@upperbox=\box110
\tcb@lowerbox=\box111
\tcb@phantombox=\box112
\c@tcbbreakpart=\count401
\c@tcblayer=\count402
\c@tcolorbox@number=\count403
\l__tcobox_tmpa_box=\box113
\l__tcobox_tmpa_dim=\dimen354
\tcb@temp=\box114
\tcb@temp=\box115
\tcb@temp=\box116
\tcb@temp=\box117

(C:/Users/U47A74UA/AppData/Local/Programs/MiKTeX/tex/latex/tcolorbox/tcbraster.
code.tex
Library (tcolorbox): 'tcbraster.code.tex' version '6.8.0'
\c@tcbrastercolumn=\count404
\c@tcbrasterrow=\count405
\c@tcbrasternum=\count406
\c@tcbraster=\count407
)
(C:/Users/U47A74UA/AppData/Local/Programs/MiKTeX/tex/latex/tcolorbox/tcbskins.c
ode.tex
Library (tcolorbox): 'tcbskins.code.tex' version '6.8.0'

(C:/Users/U47A74UA/AppData/Local/Programs/MiKTeX/tex/latex/tikzfill/tikzfill.im
age.sty
Package: tikzfill.image 2023/08/08 v1.0.1 Image filling library for TikZ

(C:/Users/U47A74UA/AppData/Local/Programs/MiKTeX/tex/latex/tikzfill/tikzfill-co
mmon.sty
Package: tikzfill-common 2023/08/08 v1.0.1 Auxiliary code for tikzfill
)
(C:/Users/U47A74UA/AppData/Local/Programs/MiKTeX/tex/latex/tikzfill/tikzlibrary
fill.image.code.tex
File: tikzlibraryfill.image.code.tex 2023/08/08 v1.0.1 Image filling library
\l__tikzfill_img_box=\box118
))
(C:/Users/U47A74UA/AppData/Local/Programs/MiKTeX/tex/latex/tcolorbox/tcbskinsji
gsaw.code.tex
Library (tcolorbox): 'tcbskinsjigsaw.code.tex' version '6.8.0'
))
(C:/Users/U47A74UA/AppData/Local/Programs/MiKTeX/tex/latex/tcolorbox/tcbbreakab
le.code.tex
Library (tcolorbox): 'tcbbreakable.code.tex' version '6.8.0'
(C:/Users/U47A74UA/AppData/Local/Programs/MiKTeX/tex/latex/pdfcol/pdfcol.sty
Package: pdfcol 2022-09-21 v1.7 Handle new color stacks for pdfTeX (HO)
)
Package pdfcol Info: New color stack `tcb@breakable' = 1 on input line 23.
\tcb@testbox=\box119
\tcb@totalupperbox=\box120
\tcb@totallowerbox=\box121

(C:/Users/U47A74UA/AppData/Local/Programs/MiKTeX/tex/generic/iftex/ifluatex.sty
Package: ifluatex 2019/10/25 v1.5 ifluatex legacy package. Use iftex instead.
))
(C:/Users/U47A74UA/AppData/Local/Programs/MiKTeX/tex/latex/tcolorbox/tcbhooks.c
ode.tex
Library (tcolorbox): 'tcbhooks.code.tex' version '6.8.0'
)
(C:/Users/U47A74UA/AppData/Local/Programs/MiKTeX/tex/latex/tcolorbox/tcbtheorem
s.code.tex
Library (tcolorbox): 'tcbtheorems.code.tex' version '6.8.0'
)
(C:/Users/U47A74UA/AppData/Local/Programs/MiKTeX/tex/latex/tcolorbox/tcbfitting
.code.tex
Library (tcolorbox): 'tcbfitting.code.tex' version '6.8.0'
\tcbfitdim=\dimen355
\tcb@lowerfitdim=\dimen356
\tcb@upperfitdim=\dimen357
\tcb@cur@hbadness=\count408
)
(C:/Users/U47A74UA/AppData/Local/Programs/MiKTeX/tex/latex/tcolorbox/tcblisting
sutf8.code.tex
Library (tcolorbox): 'tcblistingsutf8.code.tex' version '6.8.0'

(C:/Users/U47A74UA/AppData/Local/Programs/MiKTeX/tex/latex/tcolorbox/tcblisting
s.code.tex
Library (tcolorbox): 'tcblistings.code.tex' version '6.8.0'

(C:/Users/U47A74UA/AppData/Local/Programs/MiKTeX/tex/latex/listings/listings.st
y
\lst@mode=\count409
\lst@gtempboxa=\box122
\lst@token=\toks43
\lst@length=\count410
\lst@currlwidth=\dimen358
\lst@column=\count411
\lst@pos=\count412
\lst@lostspace=\dimen359
\lst@width=\dimen360
\lst@newlines=\count413
\lst@lineno=\count414
\lst@maxwidth=\dimen361

(C:/Users/U47A74UA/AppData/Local/Programs/MiKTeX/tex/latex/listings/lstpatch.st
y
File: lstpatch.sty 2024/09/23 1.10c (Carsten Heinz)
)
(C:/Users/U47A74UA/AppData/Local/Programs/MiKTeX/tex/latex/listings/lstmisc.sty
File: lstmisc.sty 2024/09/23 1.10c (Carsten Heinz)
\c@lstnumber=\count415
\lst@skipnumbers=\count416
\lst@framebox=\box123
)
(C:/Users/U47A74UA/AppData/Local/Programs/MiKTeX/tex/latex/listings/listings.cf
g
File: listings.cfg 2024/09/23 1.10c listings configuration
))
Package: listings 2024/09/23 1.10c (Carsten Heinz)

(C:/Users/U47A74UA/AppData/Local/Programs/MiKTeX/tex/latex/tcolorbox/tcblisting
score.code.tex
Library (tcolorbox): 'tcblistingscore.code.tex' version '6.8.0'

(C:/Users/U47A74UA/AppData/Local/Programs/MiKTeX/tex/latex/tcolorbox/tcbprocess
ing.code.tex
Library (tcolorbox): 'tcbprocessing.code.tex' version '6.8.0'
)
\c@tcblisting=\count417
))
Package tcolorbox Info: Library `listingsutf8' is compatible with pdftex only. 
Library `listings` is loaded instead. on input line 29.
)
(C:/Users/U47A74UA/AppData/Local/Programs/MiKTeX/tex/latex/tcolorbox/tcbexterna
l.code.tex
Library (tcolorbox): 'tcbexternal.code.tex' version '6.8.0'
)
(C:/Users/U47A74UA/AppData/Local/Programs/MiKTeX/tex/latex/tcolorbox/tcbmagazin
e.code.tex
Library (tcolorbox): 'tcbmagazine.code.tex' version '6.8.0'
)
(C:/Users/U47A74UA/AppData/Local/Programs/MiKTeX/tex/latex/tcolorbox/tcbvignett
e.code.tex
Library (tcolorbox): 'tcbvignette.code.tex' version '6.8.0'

(C:/Users/U47A74UA/AppData/Local/Programs/MiKTeX/tex/generic/pgf/frontendlayer/
tikz/libraries/tikzlibraryfadings.code.tex
File: tikzlibraryfadings.code.tex 2025-08-29 v3.1.11a (3.1.11a)

(C:/Users/U47A74UA/AppData/Local/Programs/MiKTeX/tex/generic/pgf/libraries/pgfl
ibraryfadings.code.tex
File: pgflibraryfadings.code.tex 2025-08-29 v3.1.11a (3.1.11a)
)))
(C:/Users/U47A74UA/AppData/Local/Programs/MiKTeX/tex/latex/tcolorbox/tcbposter.
code.tex
Library (tcolorbox): 'tcbposter.code.tex' version '6.8.0'
))
(C:/Users/U47A74UA/AppData/Local/Programs/MiKTeX/tex/latex/marginnote/marginnot
e.sty
Package: marginnote 2018/08/09 1.4b non floating margin notes for LaTeX
\c@mn@abspage=\count418
)
(C:/Users/U47A74UA/AppData/Local/Programs/MiKTeX/tex/latex/ifoddpage/ifoddpage.
sty
Package: ifoddpage 2022/10/18 v1.2 Conditionals for odd/even page detection
\c@checkoddpage=\count419
)
(C:/Users/U47A74UA/AppData/Local/Programs/MiKTeX/tex/latex/koma-script/scrlayer
-scrpage.sty
Package: scrlayer-scrpage 2025/09/09 v3.48 KOMA-Script package (end user interf
ace for scrlayer)

(C:/Users/U47A74UA/AppData/Local/Programs/MiKTeX/tex/latex/koma-script/scrlayer
.sty
Package: scrlayer 2025/09/09 v3.48 KOMA-Script package (defining layers and pag
e styles)
Package scrlayer Info: patching LaTeX kernel macro \pagestyle on input line 217
9.
)
Package scrlayer-scrpage Info: Makeing stand-alone element `pagehead' from
(scrlayer-scrpage)             alias to `pageheadfoot' on input line 1106.
)
luaotfload | cache : Lookup cache loaded from C:/Users/U47A74UA/AppData/Local/Mi
KTeX/luatex-cache/generic/names/luaotfload-lookup-cache.luc.
(C:/Users/U47A74UA/AppData/Local/Programs/MiKTeX/tex/latex/xcharter/XCharter.fo
ntspec)

Package fontspec Info: 
(fontspec)             XCharter-Roman scale = 0.8960472338748928.


Package fontspec Info: 
(fontspec)             XCharter-Roman scale = 0.8960472338748928.


Package fontspec Info: 
(fontspec)             XCharter-Roman scale = 0.8960472338748928.


Package fontspec Info: 
(fontspec)             XCharter-Bold scale = 0.8868289158284685.


Package fontspec Info: 
(fontspec)             XCharter-Bold scale = 0.8868289158284685.


Package fontspec Info: 
(fontspec)             XCharter-Italic scale = 0.8941898217078693.


Package fontspec Info: 
(fontspec)             XCharter-Italic scale = 0.8941898217078693.


Package fontspec Info: 
(fontspec)             XCharter-Slanted scale = 0.8960472338748928.


Package fontspec Info: 
(fontspec)             XCharter-Slanted scale = 0.8960472338748928.


Package fontspec Info: 
(fontspec)             XCharter-BoldItalic scale = 0.8813879065420029.


Package fontspec Info: 
(fontspec)             XCharter-BoldItalic scale = 0.8813879065420029.


Package fontspec Info: 
(fontspec)             XCharter-BoldSlanted scale = 0.8868289158284685.


Package fontspec Info: 
(fontspec)             XCharter-BoldSlanted scale = 0.8868289158284685.


Package fontspec Info: 
(fontspec)             Font family 'XCharter(0)' created for font 'XCharter'
(fontspec)             with options [Ligatures=TeX,Extension =
(fontspec)             .otf,UprightFont = XCharter-Roman,BoldFont =
(fontspec)             XCharter-Bold,ItalicFont =
(fontspec)             XCharter-Italic,BoldItalicFont =
(fontspec)             XCharter-BoldItalic,SlantedFont =
(fontspec)             XCharter-Slanted,BoldSlantedFont =
(fontspec)             XCharter-BoldSlanted,SmallCapsFeatures =
(fontspec)             {Letters=SmallCaps},Scale=MatchLowercase,Ligatures=TeX].

(fontspec)              
(fontspec)              This font family consists of the following NFSS
(fontspec)             series/shapes:
(fontspec)              
(fontspec)             - 'normal' (m/n) with NFSS spec.:
(fontspec)             <->s*[0.8960472338748928]"[XCharter-Roman.otf]:mode=node
;script=latn;language=dflt;+tlig;"
(fontspec)             - 'small caps'  (m/sc) with NFSS spec.:
(fontspec)             <->s*[0.8960472338748928]"[XCharter-Roman.otf]:mode=node
;script=latn;language=dflt;+tlig;+smcp;"
(fontspec)             - 'bold' (b/n) with NFSS spec.:
(fontspec)             <->s*[0.8868289158284685]"[XCharter-Bold.otf]:mode=node;
script=latn;language=dflt;+tlig;"
(fontspec)             - 'bold small caps'  (b/sc) with NFSS spec.:
(fontspec)             <->s*[0.8868289158284685]"[XCharter-Bold.otf]:mode=node;
script=latn;language=dflt;+tlig;+smcp;"
(fontspec)             - 'italic' (m/it) with NFSS spec.:
(fontspec)             <->s*[0.8941898217078693]"[XCharter-Italic.otf]:mode=nod
e;script=latn;language=dflt;+tlig;"
(fontspec)             - 'italic small caps'  (m/scit) with NFSS spec.:
(fontspec)             <->s*[0.8941898217078693]"[XCharter-Italic.otf]:mode=nod
e;script=latn;language=dflt;+tlig;+smcp;"
(fontspec)             - 'slanted' (m/sl) with NFSS spec.:
(fontspec)             <->s*[0.8960472338748928]"[XCharter-Slanted.otf]:mode=no
de;script=latn;language=dflt;+tlig;"
(fontspec)             - 'slanted small caps'  (m/scsl) with NFSS spec.:
(fontspec)             <->s*[0.8960472338748928]"[XCharter-Slanted.otf]:mode=no
de;script=latn;language=dflt;+tlig;+smcp;"
(fontspec)             - 'bold italic' (b/it) with NFSS spec.:
(fontspec)             <->s*[0.8813879065420029]"[XCharter-BoldItalic.otf]:mode
=node;script=latn;language=dflt;+tlig;"
(fontspec)             - 'bold italic small caps'  (b/scit) with NFSS spec.:
(fontspec)             <->s*[0.8813879065420029]"[XCharter-BoldItalic.otf]:mode
=node;script=latn;language=dflt;+tlig;+smcp;"
(fontspec)             - 'bold slanted' (b/sl) with NFSS spec.:
(fontspec)             <->s*[0.8868289158284685]"[XCharter-BoldSlanted.otf]:mod
e=node;script=latn;language=dflt;+tlig;"
(fontspec)             - 'bold slanted small caps'  (b/scsl) with NFSS spec.:
(fontspec)             <->s*[0.8868289158284685]"[XCharter-BoldSlanted.otf]:mod
e=node;script=latn;language=dflt;+tlig;+smcp;"

LaTeX Font Info:    Font shape `TU/XCharter(0)/m/n' will be
(Font)              scaled to size 9.81165pt on input line 128.

Package fontspec Info: 
(fontspec)             XCharter-Roman scale = 0.8960385426565.


Package fontspec Info: 
(fontspec)             XCharter-Roman scale = 0.8960385426565.


Package fontspec Info: 
(fontspec)             XCharter-Roman scale = 0.8960385426565.


Package fontspec Info: 
(fontspec)             XCharter-Bold scale = 0.8868203140232364.


Package fontspec Info: 
(fontspec)             XCharter-Bold scale = 0.8868203140232364.


Package fontspec Info: 
(fontspec)             XCharter-Italic scale = 0.8941811485054629.


Package fontspec Info: 
(fontspec)             XCharter-Italic scale = 0.8941811485054629.


Package fontspec Info: 
(fontspec)             XCharter-Slanted scale = 0.8960385426565.


Package fontspec Info: 
(fontspec)             XCharter-Slanted scale = 0.8960385426565.


Package fontspec Info: 
(fontspec)             XCharter-BoldItalic scale = 0.8813793575118905.


Package fontspec Info: 
(fontspec)             XCharter-BoldItalic scale = 0.8813793575118905.


Package fontspec Info: 
(fontspec)             XCharter-BoldSlanted scale = 0.8868203140232364.


Package fontspec Info: 
(fontspec)             XCharter-BoldSlanted scale = 0.8868203140232364.


Package fontspec Info: 
(fontspec)             Font family 'XCharter(1)' created for font 'XCharter'
(fontspec)             with options [Extension = .otf,UprightFont =
(fontspec)             XCharter-Roman,BoldFont = XCharter-Bold,ItalicFont =
(fontspec)             XCharter-Italic,BoldItalicFont =
(fontspec)             XCharter-BoldItalic,SlantedFont =
(fontspec)             XCharter-Slanted,BoldSlantedFont =
(fontspec)             XCharter-BoldSlanted,SmallCapsFeatures =
(fontspec)             {Letters=SmallCaps},Renderer=Basic,Scale=MatchLowercase,
Ligatures=TeX].
(fontspec)              
(fontspec)              This font family consists of the following NFSS
(fontspec)             series/shapes:
(fontspec)              
(fontspec)             - 'normal' (m/n) with NFSS spec.:
(fontspec)             <->s*[0.8960385426565]"[XCharter-Roman.otf]:mode=base;sc
ript=latn;language=dflt;+tlig;"
(fontspec)             - 'small caps'  (m/sc) with NFSS spec.:
(fontspec)             <->s*[0.8960385426565]"[XCharter-Roman.otf]:mode=base;sc
ript=latn;language=dflt;+tlig;+smcp;"
(fontspec)             - 'bold' (b/n) with NFSS spec.:
(fontspec)             <->s*[0.8868203140232364]"[XCharter-Bold.otf]:mode=base;
script=latn;language=dflt;+tlig;"
(fontspec)             - 'bold small caps'  (b/sc) with NFSS spec.:
(fontspec)             <->s*[0.8868203140232364]"[XCharter-Bold.otf]:mode=base;
script=latn;language=dflt;+tlig;+smcp;"
(fontspec)             - 'italic' (m/it) with NFSS spec.:
(fontspec)             <->s*[0.8941811485054629]"[XCharter-Italic.otf]:mode=bas
e;script=latn;language=dflt;+tlig;"
(fontspec)             - 'italic small caps'  (m/scit) with NFSS spec.:
(fontspec)             <->s*[0.8941811485054629]"[XCharter-Italic.otf]:mode=bas
e;script=latn;language=dflt;+tlig;+smcp;"
(fontspec)             - 'slanted' (m/sl) with NFSS spec.:
(fontspec)             <->s*[0.8960385426565]"[XCharter-Slanted.otf]:mode=base;
script=latn;language=dflt;+tlig;"
(fontspec)             - 'slanted small caps'  (m/scsl) with NFSS spec.:
(fontspec)             <->s*[0.8960385426565]"[XCharter-Slanted.otf]:mode=base;
script=latn;language=dflt;+tlig;+smcp;"
(fontspec)             - 'bold italic' (b/it) with NFSS spec.:
(fontspec)             <->s*[0.8813793575118905]"[XCharter-BoldItalic.otf]:mode
=base;script=latn;language=dflt;+tlig;"
(fontspec)             - 'bold italic small caps'  (b/scit) with NFSS spec.:
(fontspec)             <->s*[0.8813793575118905]"[XCharter-BoldItalic.otf]:mode
=base;script=latn;language=dflt;+tlig;+smcp;"
(fontspec)             - 'bold slanted' (b/sl) with NFSS spec.:
(fontspec)             <->s*[0.8868203140232364]"[XCharter-BoldSlanted.otf]:mod
e=base;script=latn;language=dflt;+tlig;"
(fontspec)             - 'bold slanted small caps'  (b/scsl) with NFSS spec.:
(fontspec)             <->s*[0.8868203140232364]"[XCharter-BoldSlanted.otf]:mod
e=base;script=latn;language=dflt;+tlig;+smcp;"

LaTeX Font Info:    Overwriting math alphabet `\mathrm' in version `normal'
(Font)                  OT1/cmr/m/n --> TU/XCharter(1)/m/n on input line 128.
LaTeX Font Info:    Overwriting math alphabet `\mathit' in version `normal'
(Font)                  OT1/cmr/m/it --> TU/XCharter(1)/m/it on input line 128.

LaTeX Font Info:    Overwriting math alphabet `\mathbf' in version `normal'
(Font)                  OT1/cmr/bx/n --> TU/XCharter(1)/b/n on input line 128.

Package fontspec Info: 
(fontspec)             Fira Sans scale = 0.8178277355586934.


Package fontspec Info: 
(fontspec)             Fira Sans scale = 0.8178277355586934.


Package fontspec Info: 
(fontspec)             Fira Sans scale = 0.8178277355586934.


Package fontspec Info: 
(fontspec)             Fira Sans/B scale = 0.8116659712326504.


Package fontspec Info: 
(fontspec)             Fira Sans/B scale = 0.8116659712326504.


Package fontspec Info: 
(fontspec)             Fira Sans/I scale = 0.8178277355586934.


Package fontspec Info: 
(fontspec)             Fira Sans/I scale = 0.8178277355586934.


Package fontspec Info: 
(fontspec)             Fira Sans/BI scale = 0.8116659712326504.


Package fontspec Info: 
(fontspec)             Fira Sans/BI scale = 0.8116659712326504.


Package fontspec Info: 
(fontspec)             Font family 'FiraSans(0)' created for font 'Fira Sans'
(fontspec)             with options
(fontspec)             [Ligatures=TeX,Scale=MatchLowercase,Ligatures=TeX].
(fontspec)              
(fontspec)              This font family consists of the following NFSS
(fontspec)             series/shapes:
(fontspec)              
(fontspec)             - 'normal' (m/n) with NFSS spec.:
(fontspec)             <->s*[0.8178277355586934]"name:Fira
(fontspec)             Sans:mode=node;script=latn;language=dflt;+tlig;"
(fontspec)             - 'small caps'  (m/sc) with NFSS spec.:
(fontspec)             <->s*[0.8178277355586934]"name:Fira
(fontspec)             Sans:mode=node;script=latn;language=dflt;+tlig;+smcp;"
(fontspec)             - 'bold' (b/n) with NFSS spec.:
(fontspec)             <->s*[0.8116659712326504]"name:Fira
(fontspec)             Sans/B:mode=node;script=latn;language=dflt;+tlig;"
(fontspec)             - 'bold small caps'  (b/sc) with NFSS spec.:
(fontspec)             <->s*[0.8116659712326504]"name:Fira
(fontspec)             Sans/B:mode=node;script=latn;language=dflt;+tlig;+smcp;"

(fontspec)             - 'italic' (m/it) with NFSS spec.:
(fontspec)             <->s*[0.8178277355586934]"name:Fira
(fontspec)             Sans/I:mode=node;script=latn;language=dflt;+tlig;"
(fontspec)             - 'italic small caps'  (m/scit) with NFSS spec.:
(fontspec)             <->s*[0.8178277355586934]"name:Fira
(fontspec)             Sans/I:mode=node;script=latn;language=dflt;+tlig;+smcp;"

(fontspec)             - 'bold italic' (b/it) with NFSS spec.:
(fontspec)             <->s*[0.8116659712326504]"name:Fira
(fontspec)             Sans/BI:mode=node;script=latn;language=dflt;+tlig;"
(fontspec)             - 'bold italic small caps'  (b/scit) with NFSS spec.:
(fontspec)             <->s*[0.8116659712326504]"name:Fira
(fontspec)             Sans/BI:mode=node;script=latn;language=dflt;+tlig;+smcp;
"


Package fontspec Info: 
(fontspec)             Fira Sans scale = 0.8178277355586934.


Package fontspec Info: 
(fontspec)             Fira Sans scale = 0.8178277355586934.


Package fontspec Info: 
(fontspec)             Fira Sans scale = 0.8178277355586934.


Package fontspec Info: 
(fontspec)             Fira Sans/B scale = 0.8116659712326504.


Package fontspec Info: 
(fontspec)             Fira Sans/B scale = 0.8116659712326504.


Package fontspec Info: 
(fontspec)             Fira Sans/I scale = 0.8178277355586934.


Package fontspec Info: 
(fontspec)             Fira Sans/I scale = 0.8178277355586934.


Package fontspec Info: 
(fontspec)             Fira Sans/BI scale = 0.8116659712326504.


Package fontspec Info: 
(fontspec)             Fira Sans/BI scale = 0.8116659712326504.


Package fontspec Info: 
(fontspec)             Font family 'FiraSans(1)' created for font 'Fira Sans'
(fontspec)             with options
(fontspec)             [Renderer=Basic,Scale=MatchLowercase,Ligatures=TeX].
(fontspec)              
(fontspec)              This font family consists of the following NFSS
(fontspec)             series/shapes:
(fontspec)              
(fontspec)             - 'normal' (m/n) with NFSS spec.:
(fontspec)             <->s*[0.8178277355586934]"name:Fira
(fontspec)             Sans:mode=base;script=latn;language=dflt;+tlig;"
(fontspec)             - 'small caps'  (m/sc) with NFSS spec.:
(fontspec)             <->s*[0.8178277355586934]"name:Fira
(fontspec)             Sans:mode=base;script=latn;language=dflt;+tlig;+smcp;"
(fontspec)             - 'bold' (b/n) with NFSS spec.:
(fontspec)             <->s*[0.8116659712326504]"name:Fira
(fontspec)             Sans/B:mode=base;script=latn;language=dflt;+tlig;"
(fontspec)             - 'bold small caps'  (b/sc) with NFSS spec.:
(fontspec)             <->s*[0.8116659712326504]"name:Fira
(fontspec)             Sans/B:mode=base;script=latn;language=dflt;+tlig;+smcp;"

(fontspec)             - 'italic' (m/it) with NFSS spec.:
(fontspec)             <->s*[0.8178277355586934]"name:Fira
(fontspec)             Sans/I:mode=base;script=latn;language=dflt;+tlig;"
(fontspec)             - 'italic small caps'  (m/scit) with NFSS spec.:
(fontspec)             <->s*[0.8178277355586934]"name:Fira
(fontspec)             Sans/I:mode=base;script=latn;language=dflt;+tlig;+smcp;"

(fontspec)             - 'bold italic' (b/it) with NFSS spec.:
(fontspec)             <->s*[0.8116659712326504]"name:Fira
(fontspec)             Sans/BI:mode=base;script=latn;language=dflt;+tlig;"
(fontspec)             - 'bold italic small caps'  (b/scit) with NFSS spec.:
(fontspec)             <->s*[0.8116659712326504]"name:Fira
(fontspec)             Sans/BI:mode=base;script=latn;language=dflt;+tlig;+smcp;
"

LaTeX Font Info:    Overwriting math alphabet `\mathsf' in version `normal'
(Font)                  OT1/cmss/m/n --> TU/FiraSans(1)/m/n on input line 128.
LaTeX Font Info:    Overwriting math alphabet `\mathsf' in version `bold'
(Font)                  OT1/cmss/bx/n --> TU/FiraSans(1)/b/n on input line 128.


Package fontspec Info: 
(fontspec)             Fira Code scale = 0.8209427446775191.


Package fontspec Info: 
(fontspec)             Could not resolve font "Fira Code/BI" (it probably
(fontspec)             doesn't exist).


Package fontspec Info: 
(fontspec)             Could not resolve font "Fira Code/B" (it probably
(fontspec)             doesn't exist).


Package fontspec Info: 
(fontspec)             Could not resolve font "Fira Code/I" (it probably
(fontspec)             doesn't exist).


Package fontspec Info: 
(fontspec)             Fira Code scale = 0.8209427446775191.


Package fontspec Info: 
(fontspec)             Font family 'FiraCode(0)' created for font 'Fira Code'
(fontspec)             with options
(fontspec)             [WordSpace={1,0,0},HyphenChar=None,PunctuationSpace=Word
Space,Scale=MatchLowercase,Contextuals=Alternate].
(fontspec)              
(fontspec)              This font family consists of the following NFSS
(fontspec)             series/shapes:
(fontspec)              
(fontspec)             - 'normal' (m/n) with NFSS spec.:
(fontspec)             <->s*[0.8209427446775191]"name:Fira
(fontspec)             Code:mode=node;script=latn;language=dflt;+calt;"


Package fontspec Info: 
(fontspec)             Fira Code scale = 0.8209427446775191.


Package fontspec Info: 
(fontspec)             Could not resolve font "Fira Code/BI" (it probably
(fontspec)             doesn't exist).


Package fontspec Info: 
(fontspec)             Could not resolve font "Fira Code/B" (it probably
(fontspec)             doesn't exist).


Package fontspec Info: 
(fontspec)             Could not resolve font "Fira Code/I" (it probably
(fontspec)             doesn't exist).


Package fontspec Info: 
(fontspec)             Fira Code scale = 0.8209427446775191.


Package fontspec Info: 
(fontspec)             Font family 'FiraCode(1)' created for font 'Fira Code'
(fontspec)             with options
(fontspec)             [Renderer=Basic,Scale=MatchLowercase,Contextuals=Alterna
te].
(fontspec)              
(fontspec)              This font family consists of the following NFSS
(fontspec)             series/shapes:
(fontspec)              
(fontspec)             - 'normal' (m/n) with NFSS spec.:
(fontspec)             <->s*[0.8209427446775191]"name:Fira
(fontspec)             Code:mode=base;script=latn;language=dflt;+calt;"

LaTeX Font Info:    Overwriting math alphabet `\mathtt' in version `normal'
(Font)                  OT1/cmtt/m/n --> TU/FiraCode(1)/m/n on input line 128.
LaTeX Font Info:    Overwriting math alphabet `\mathtt' in version `bold'
(Font)                  OT1/cmtt/m/n --> TU/FiraCode(1)/b/n on input line 128.

Package fontspec Info: 
(fontspec)             XCharter-Math scale = 0.9328891449323012.


Package fontspec Info: 
(fontspec)             Could not resolve font "XCharter-Math/B" (it probably
(fontspec)             doesn't exist).


Package fontspec Info: 
(fontspec)             XCharter-Math scale = 0.9328891449323012.


Package fontspec Info: 
(fontspec)             Font family 'XCharter-Math(0)' created for font
(fontspec)             'XCharter-Math' with options
(fontspec)             [Renderer=Basic,BoldItalicFont={},ItalicFont={},SmallCap
sFont={},Script=Math,RawFeature={mathfontdimen=xetex},Scale={MatchLowercase}].
(fontspec)              
(fontspec)              This font family consists of the following NFSS
(fontspec)             series/shapes:
(fontspec)              
(fontspec)             - 'normal' (m/n) with NFSS spec.:
(fontspec)             <->s*[0.9328891449323012]"name:XCharter-Math:mode=base;s
cript=math;language=dflt;mathfontdimen=xetex;"

LaTeX Font Info:    Font shape `TU/XCharter-Math(0)/m/n' will be
(Font)              scaled to size 10.21515pt on input line 129.

Package fontspec Info: 
(fontspec)             XCharter-Math scale = 0.9328891449323012.


Package fontspec Info: 
(fontspec)             Could not resolve font "XCharter-Math/B" (it probably
(fontspec)             doesn't exist).


Package fontspec Info: 
(fontspec)             XCharter-Math scale = 0.9328891449323012.


Package fontspec Info: 
(fontspec)             XCharter-Math scale = 0.9328891449323012.


Package fontspec Info: 
(fontspec)             XCharter-Math scale = 0.9328891449323012.


Package fontspec Info: 
(fontspec)             Font family 'XCharter-Math(1)' created for font
(fontspec)             'XCharter-Math' with options
(fontspec)             [Renderer=Basic,BoldItalicFont={},ItalicFont={},SmallCap
sFont={},Script=Math,SizeFeatures={{Size=9.3075-},{Size=6.84375-9.3075,Font=XCh
arter-Math,Style=MathScript},{Size=-6.84375,Font=XCharter-Math,Style=MathScript
Script}},RawFeature={mathfontdimen=xetex},Scale={MatchLowercase}].
(fontspec)              
(fontspec)              This font family consists of the following NFSS
(fontspec)             series/shapes:
(fontspec)              
(fontspec)             - 'normal' (m/n) with NFSS spec.:
(fontspec)             <9.3075->s*[0.9328891449323012]"name:XCharter-Math:mode=
base;script=math;language=dflt;mathfontdimen=xetex;"<6.84375-9.3075>s*[0.932889
1449323012]"name:XCharter-Math:mode=base;script=math;language=dflt;mathfontdime
n=xetex;+ssty=0;"<-6.84375>s*[0.9328891449323012]"name:XCharter-Math:mode=base;
script=math;language=dflt;mathfontdimen=xetex;+ssty=1;"

LaTeX Font Info:    Font shape `TU/XCharter-Math(1)/m/n' will be
(Font)              scaled to size 10.21515pt on input line 129.
LaTeX Font Info:    Encoding `OT1' has changed to `TU' for symbol font
(Font)              `operators' in the math version `normal' on input line 129.

LaTeX Font Info:    Overwriting symbol font `operators' in version `normal'
(Font)                  OT1/cmr/m/n --> TU/XCharter-Math(1)/m/n on input line 1
29.
LaTeX Font Info:    Encoding `OT1' has changed to `TU' for symbol font
(Font)              `operators' in the math version `bold' on input line 129.
LaTeX Font Info:    Overwriting symbol font `operators' in version `bold'
(Font)                  OT1/cmr/bx/n --> TU/XCharter-Math(1)/b/n on input line 
129.

Package fontspec Info: 
(fontspec)             XCharter-Math scale = 0.9328891449323012.


Package fontspec Info: 
(fontspec)             Could not resolve font "XCharter-Math/B" (it probably
(fontspec)             doesn't exist).


Package fontspec Info: 
(fontspec)             XCharter-Math scale = 0.9328891449323012.


Package fontspec Info: 
(fontspec)             XCharter-Math scale = 0.9328891449323012.


Package fontspec Info: 
(fontspec)             XCharter-Math scale = 0.9328891449323012.


Package fontspec Info: 
(fontspec)             Font family 'XCharter-Math(2)' created for font
(fontspec)             'XCharter-Math' with options
(fontspec)             [Renderer=Basic,BoldItalicFont={},ItalicFont={},SmallCap
sFont={},Script=Math,SizeFeatures={{Size=9.3075-},{Size=6.84375-9.3075,Font=XCh
arter-Math,Style=MathScript},{Size=-6.84375,Font=XCharter-Math,Style=MathScript
Script}},RawFeature={mathfontdimen=xetex},Scale={MatchLowercase},RawFeature={ma
thfontdimen=tex2}].
(fontspec)              
(fontspec)              This font family consists of the following NFSS
(fontspec)             series/shapes:
(fontspec)              
(fontspec)             - 'normal' (m/n) with NFSS spec.:
(fontspec)             <9.3075->s*[0.9328891449323012]"name:XCharter-Math:mode=
base;script=math;language=dflt;mathfontdimen=xetex;mathfontdimen=tex2;"<6.84375
-9.3075>s*[0.9328891449323012]"name:XCharter-Math:mode=base;script=math;languag
e=dflt;mathfontdimen=xetex;mathfontdimen=tex2;+ssty=0;"<-6.84375>s*[0.932889144
9323012]"name:XCharter-Math:mode=base;script=math;language=dflt;mathfontdimen=x
etex;mathfontdimen=tex2;+ssty=1;"

LaTeX Font Info:    Encoding `OMS' has changed to `TU' for symbol font
(Font)              `symbols' in the math version `normal' on input line 129.
LaTeX Font Info:    Overwriting symbol font `symbols' in version `normal'
(Font)                  OMS/cmsy/m/n --> TU/XCharter-Math(2)/m/n on input line 
129.
LaTeX Font Info:    Encoding `OMS' has changed to `TU' for symbol font
(Font)              `symbols' in the math version `bold' on input line 129.
LaTeX Font Info:    Overwriting symbol font `symbols' in version `bold'
(Font)                  OMS/cmsy/b/n --> TU/XCharter-Math(2)/b/n on input line 
129.

Package fontspec Info: 
(fontspec)             XCharter-Math scale = 0.9328891449323012.


Package fontspec Info: 
(fontspec)             Could not resolve font "XCharter-Math/B" (it probably
(fontspec)             doesn't exist).


Package fontspec Info: 
(fontspec)             XCharter-Math scale = 0.9328891449323012.


Package fontspec Info: 
(fontspec)             XCharter-Math scale = 0.9328891449323012.


Package fontspec Info: 
(fontspec)             XCharter-Math scale = 0.9328891449323012.


Package fontspec Info: 
(fontspec)             Font family 'XCharter-Math(3)' created for font
(fontspec)             'XCharter-Math' with options
(fontspec)             [Renderer=Basic,BoldItalicFont={},ItalicFont={},SmallCap
sFont={},Script=Math,SizeFeatures={{Size=9.3075-},{Size=6.84375-9.3075,Font=XCh
arter-Math,Style=MathScript},{Size=-6.84375,Font=XCharter-Math,Style=MathScript
Script}},RawFeature={mathfontdimen=xetex},Scale={MatchLowercase},RawFeature={ma
thfontdimen=tex3}].
(fontspec)              
(fontspec)              This font family consists of the following NFSS
(fontspec)             series/shapes:
(fontspec)              
(fontspec)             - 'normal' (m/n) with NFSS spec.:
(fontspec)             <9.3075->s*[0.9328891449323012]"name:XCharter-Math:mode=
base;script=math;language=dflt;mathfontdimen=xetex;mathfontdimen=tex3;"<6.84375
-9.3075>s*[0.9328891449323012]"name:XCharter-Math:mode=base;script=math;languag
e=dflt;mathfontdimen=xetex;mathfontdimen=tex3;+ssty=0;"<-6.84375>s*[0.932889144
9323012]"name:XCharter-Math:mode=base;script=math;language=dflt;mathfontdimen=x
etex;mathfontdimen=tex3;+ssty=1;"

LaTeX Font Info:    Encoding `OMX' has changed to `TU' for symbol font
(Font)              `largesymbols' in the math version `normal' on input line 1
29.
LaTeX Font Info:    Overwriting symbol font `largesymbols' in version `normal'
(Font)                  OMX/cmex/m/n --> TU/XCharter-Math(3)/m/n on input line 
129.
LaTeX Font Info:    Encoding `OMX' has changed to `TU' for symbol font
(Font)              `largesymbols' in the math version `bold' on input line 129
.
LaTeX Font Info:    Overwriting symbol font `largesymbols' in version `bold'
(Font)                  OMX/cmex/m/n --> TU/XCharter-Math(3)/b/n on input line 
129.
LaTeX Font Info:    Font shape `TU/XCharter-Math(1)/m/n' will be
(Font)              scaled to size 7.1506pt on input line 129.
LaTeX Font Info:    Font shape `TU/XCharter-Math(1)/m/n' will be
(Font)              scaled to size 5.61835pt on input line 129.
LaTeX Font Info:    Font shape `TU/XCharter-Math(2)/m/n' will be
(Font)              scaled to size 10.21515pt on input line 129.
LaTeX Font Info:    Font shape `TU/XCharter-Math(2)/m/n' will be
(Font)              scaled to size 7.1506pt on input line 129.
LaTeX Font Info:    Font shape `TU/XCharter-Math(2)/m/n' will be
(Font)              scaled to size 5.61835pt on input line 129.
LaTeX Font Info:    Font shape `TU/XCharter-Math(3)/m/n' will be
(Font)              scaled to size 10.21515pt on input line 129.
LaTeX Font Info:    Font shape `TU/XCharter-Math(3)/m/n' will be
(Font)              scaled to size 7.1506pt on input line 129.
LaTeX Font Info:    Font shape `TU/XCharter-Math(3)/m/n' will be
(Font)              scaled to size 5.61835pt on input line 129.

(C:/Users/U47A74UA/AppData/Local/Programs/MiKTeX/tex/latex/ragged2e/ragged2e.st
y
Package: ragged2e 2023/06/22 v3.6 ragged2e Package
\CenteringLeftskip=\skip73
\RaggedLeftLeftskip=\skip74
\RaggedRightLeftskip=\skip75
\CenteringRightskip=\skip76
\RaggedLeftRightskip=\skip77
\RaggedRightRightskip=\skip78
\CenteringParfillskip=\skip79
\RaggedLeftParfillskip=\skip80
\RaggedRightParfillskip=\skip81
\JustifyingParfillskip=\skip82
\CenteringParindent=\skip83
\RaggedLeftParindent=\skip84
\RaggedRightParindent=\skip85
\JustifyingParindent=\skip86
)

Package siunitx Info: Option "detect-all" has been deprecated in this release.
(siunitx)             
(siunitx)             Use "mode = match, propagate-math-font = true,
(siunitx)             reset-math-version = false, reset-text-family = false,
(siunitx)             reset-text-series = false, reset-text-shape = false,
(siunitx)             text-family-to-math = true, text-series-to-math = true"
(siunitx)             as a replacement.


Package siunitx Info: Option "table-figures-integer" has been deprecated in
(siunitx)             this release.
(siunitx)             
(siunitx)             Use "table-format" as a replacement.


Package siunitx Info: Option "table-figures-decimal" has been deprecated in
(siunitx)             this release.
(siunitx)             
(siunitx)             Use "table-format" as a replacement.


(C:/Users/U47A74UA/AppData/Local/Programs/MiKTeX/tex/latex/biblatex/biblatex.st
y
Package: biblatex 2025/07/10 v3.21 programmable bibliographies (PK/MW)
 (C:/Users/U47A74UA/AppData/Local/Programs/MiKTeX/tex/latex/logreq/logreq.sty
Package: logreq 2010/08/04 v1.0 xml request logger
\lrq@indent=\count420

(C:/Users/U47A74UA/AppData/Local/Programs/MiKTeX/tex/latex/logreq/logreq.def
File: logreq.def 2010/08/04 v1.0 logreq spec v1.0
))
(C:/Users/U47A74UA/AppData/Local/Programs/MiKTeX/tex/latex/base/ifthen.sty
Package: ifthen 2024/03/16 v1.1e Standard LaTeX ifthen package (DPC)
)
(C:/Users/U47A74UA/AppData/Local/Programs/MiKTeX/tex/latex/url/url.sty
\Urlmuskip=\muskip19
Package: url 2013/09/16  ver 3.4  Verb mode for urls, etc.
)
\c@tabx@nest=\count421
\c@listtotal=\count422
\c@listcount=\count423
\c@liststart=\count424
\c@liststop=\count425
\c@citecount=\count426
\c@citetotal=\count427
\c@multicitecount=\count428
\c@multicitetotal=\count429
\c@instcount=\count430
\c@maxnames=\count431
\c@minnames=\count432
\c@maxitems=\count433
\c@minitems=\count434
\c@citecounter=\count435
\c@maxcitecounter=\count436
\c@savedcitecounter=\count437
\c@uniquelist=\count438
\c@uniquename=\count439
\c@refsection=\count440
\c@refsegment=\count441
\c@maxextratitle=\count442
\c@maxextratitleyear=\count443
\c@maxextraname=\count444
\c@maxextradate=\count445
\c@maxextraalpha=\count446
\c@abbrvpenalty=\count447
\c@highnamepenalty=\count448
\c@lownamepenalty=\count449
\c@maxparens=\count450
\c@parenlevel=\count451
\blx@tempcnta=\count452
\blx@tempcntb=\count453
\blx@tempcntc=\count454
\c@blx@maxsection=\count455
\blx@maxsegment@0=\count456
\blx@notetype=\count457
\blx@parenlevel@text=\count458
\blx@parenlevel@foot=\count459
\blx@sectionciteorder@0=\count460
\blx@sectionciteorderinternal@0=\count461
\blx@entrysetcounter=\count462
\blx@biblioinstance=\count463
\labelnumberwidth=\skip87
\labelalphawidth=\skip88
\biblabelsep=\skip89
\bibitemsep=\skip90
\bibnamesep=\skip91
\bibinitsep=\skip92
\bibparsep=\skip93
\bibhang=\skip94
\blx@bcfin=\read4
\blx@bcfout=\write4
\blx@langwohyphens=\language2
\c@mincomprange=\count464
\c@maxcomprange=\count465
\c@mincompwidth=\count466
Package biblatex Info: Trying to load biblatex default data model...
Package biblatex Info: ... file 'blx-dm.def' found.

(C:/Users/U47A74UA/AppData/Local/Programs/MiKTeX/tex/latex/biblatex/blx-dm.def
File: blx-dm.def 2025/07/10 v3.21 biblatex datamodel (PK/MW)
)
Package biblatex Info: Trying to load biblatex style data model...
Package biblatex Info: ... file 'ieee.dbx' not found.
Package biblatex Info: Trying to load biblatex custom data model...
Package biblatex Info: ... file 'biblatex-dm.cfg' not found.
\c@afterword=\count467
\c@savedafterword=\count468
\c@annotator=\count469
\c@savedannotator=\count470
\c@author=\count471
\c@savedauthor=\count472
\c@bookauthor=\count473
\c@savedbookauthor=\count474
\c@commentator=\count475
\c@savedcommentator=\count476
\c@editor=\count477
\c@savededitor=\count478
\c@editora=\count479
\c@savededitora=\count480
\c@editorb=\count481
\c@savededitorb=\count482
\c@editorc=\count483
\c@savededitorc=\count484
\c@foreword=\count485
\c@savedforeword=\count486
\c@holder=\count487
\c@savedholder=\count488
\c@introduction=\count489
\c@savedintroduction=\count490
\c@namea=\count491
\c@savednamea=\count492
\c@nameb=\count493
\c@savednameb=\count494
\c@namec=\count495
\c@savednamec=\count496
\c@translator=\count497
\c@savedtranslator=\count498
\c@shortauthor=\count499
\c@savedshortauthor=\count500
\c@shorteditor=\count501
\c@savedshorteditor=\count502
\c@labelname=\count503
\c@savedlabelname=\count504
\c@institution=\count505
\c@savedinstitution=\count506
\c@lista=\count507
\c@savedlista=\count508
\c@listb=\count509
\c@savedlistb=\count510
\c@listc=\count511
\c@savedlistc=\count512
\c@listd=\count513
\c@savedlistd=\count514
\c@liste=\count515
\c@savedliste=\count516
\c@listf=\count517
\c@savedlistf=\count518
\c@location=\count519
\c@savedlocation=\count520
\c@organization=\count521
\c@savedorganization=\count522
\c@origlocation=\count523
\c@savedoriglocation=\count524
\c@origpublisher=\count525
\c@savedorigpublisher=\count526
\c@publisher=\count527
\c@savedpublisher=\count528
\c@language=\count529
\c@savedlanguage=\count530
\c@origlanguage=\count531
\c@savedoriglanguage=\count532
\c@pageref=\count533
\c@savedpageref=\count534
\shorthandwidth=\skip95
\shortjournalwidth=\skip96
\shortserieswidth=\skip97
\shorttitlewidth=\skip98
\shortauthorwidth=\skip99
\shorteditorwidth=\skip100
\locallabelnumberwidth=\skip101
\locallabelalphawidth=\skip102
\localshorthandwidth=\skip103
\localshortjournalwidth=\skip104
\localshortserieswidth=\skip105
\localshorttitlewidth=\skip106
\localshortauthorwidth=\skip107
\localshorteditorwidth=\skip108
Package biblatex Info: Trying to load enhanced support for Unicode engines...
Package biblatex Info: ... file 'blx-unicode.def' found.

(C:/Users/U47A74UA/AppData/Local/Programs/MiKTeX/tex/latex/biblatex/blx-unicode
.def
C:/Users/U47A74UA/AppData/Local/Programs/MiKTeX/tex/latex/biblatex/blx-unicode.d
ef:30: Interruption.
\blx@tempa ...ef \blx@setazcodes {\blx@setazcodes 
                                                  \sfcode "#1=\@m } \fi 
l.30   \repeat
              
? ^^X
Type <return> to proceed, S to scroll future error messages,
R to run without stopping, Q to run quietly,
I to insert something, E to edit your file,
H for help, X to quit.
? x


Here is how much of LuaTeX's memory you used:
 46327 strings out of 476291
 100000,1977958 words of node,token memory allocated 1391 words of node memory still in use:
   29 hlist, 1 vlist, 14 rule, 1 dir, 4 kern, 1 glyph, 81 attribute, 75 glue_spe
c, 81 attribute_list, 8 if_stack, 2 write, 24 pdf_literal, 26 pdf_colorstack nod
es
   avail lists: 2:13,3:1,7:29,9:2,11:3
 67772 multiletter control sequences out of 65536+600000
 80 fonts using 23711047 bytes
 164i,1n,151p,11307b,359s stack positions out of 10000i,1000n,20000p,200000b,200000s

warning  (pdf backend): no pages of output.
C:/Users/U47A74UA/AppData/Local/Programs/MiKTeX/tex/latex/biblatex/blx-unicode.d
ef:30: error:  (pdf backend): already written content discarded, no output file 
produced.
C:/Users/U47A74UA/AppData/Local/Programs/MiKTeX/tex/latex/biblatex/blx-unicode.d
ef:30:  ==> Fatal error occurred, no output PDF file produced!